2026-06-10T00:01:03.013-05:00  INFO 20284 --- [backend] [main] c.e.backend.BackendApplicationTests      : Starting BackendApplicationTests using Java 21.0.11 with PID 20284 (started by Zogurf in C:\Users\Zogurf\Documents\UTP\Integrador\proyecto\Jair\proyecto_ceramica\backend)
2026-06-10T00:01:03.020-05:00 DEBUG 20284 --- [backend] [main] c.e.backend.BackendApplicationTests      : Running with Spring Boot v4.0.5, Spring v7.0.6
2026-06-10T00:01:03.021-05:00  INFO 20284 --- [backend] [main] c.e.backend.BackendApplicationTests      : No active profile set, falling back to 1 default profile: "default"
2026-06-10T00:01:03.575-05:00  INFO 20284 --- [backend] [main] .s.d.r.c.RepositoryConfigurationDelegate : Bootstrapping Spring Data JPA repositories in DEFAULT mode.
2026-06-10T00:01:03.627-05:00  INFO 20284 --- [backend] [main] .s.d.r.c.RepositoryConfigurationDelegate : Finished Spring Data repository scanning in 43 ms. Found 6 JPA repository interfaces.
2026-06-10T00:01:03.940-05:00  INFO 20284 --- [backend] [main] com.zaxxer.hikari.HikariDataSource       : HikariPool-1 - Starting...
2026-06-10T00:01:04.240-05:00  INFO 20284 --- [backend] [main] com.zaxxer.hikari.pool.HikariPool        : HikariPool-1 - Added connection com.mysql.cj.jdbc.ConnectionImpl@7ab33ca8
2026-06-10T00:01:04.261-05:00  INFO 20284 --- [backend] [main] com.zaxxer.hikari.HikariDataSource       : HikariPool-1 - Start completed.
2026-06-10T00:01:04.344-05:00  INFO 20284 --- [backend] [main] org.hibernate.orm.jpa                    : HHH008540: Processing PersistenceUnitInfo [name: default]
2026-06-10T00:01:04.405-05:00  INFO 20284 --- [backend] [main] org.hibernate.orm.core                   : HHH000001: Hibernate ORM core version 7.2.7.Final
2026-06-10T00:01:05.037-05:00  INFO 20284 --- [backend] [main] o.s.o.j.p.SpringPersistenceUnitInfo      : No LoadTimeWeaver setup: ignoring JPA class transformer
2026-06-10T00:01:05.156-05:00  INFO 20284 --- [backend] [main] org.hibernate.orm.connections.pooling    : HHH10001005: Database info:
	Database JDBC URL [jdbc:mysql://localhost:3306/ceramic_store_db?createDatabaseIfNotExist=true]
	Database driver: MySQL Connector/J
	Database dialect: MySQLDialect
	Database version: 8.0.45
	Default catalog/schema: ceramic_store_db/undefined
	Autocommit mode: undefined/unknown
	Isolation level: REPEATABLE_READ [default REPEATABLE_READ]
	JDBC fetch size: none
	Pool: DataSourceConnectionProvider
	Minimum pool size: undefined/unknown
	Maximum pool size: undefined/unknown
2026-06-10T00:01:06.030-05:00  INFO 20284 --- [backend] [main] org.hibernate.orm.core                   : HHH000489: No JTA platform available (set 'hibernate.transaction.jta.platform' to enable JTA platform integration)
2026-06-10T00:01:06.101-05:00  INFO 20284 --- [backend] [main] j.LocalContainerEntityManagerFactoryBean : Initialized JPA EntityManagerFactory for persistence unit 'default'
2026-06-10T00:01:06.183-05:00  INFO 20284 --- [backend] [main] o.s.d.j.r.query.QueryEnhancerFactories   : Hibernate is in classpath; If applicable, HQL parser will be used.
2026-06-10T00:01:06.461-05:00  INFO 20284 --- [backend] [main] eAuthenticationProviderManagerConfigurer : Global AuthenticationManager configured with AuthenticationProvider bean with name authenticationProvider
2026-06-10T00:01:06.462-05:00  WARN 20284 --- [backend] [main] r$InitializeUserDetailsManagerConfigurer : Global AuthenticationManager configured with an AuthenticationProvider bean. UserDetailsService beans will not be used by Spring Security for automatically configuring username/password login. Consider removing the AuthenticationProvider bean. Alternatively, consider using the UserDetailsService in a manually instantiated DaoAuthenticationProvider. If the current configuration is intentional, to turn off this warning, increase the logging level of 'org.springframework.security.config.annotation.authentication.configuration.InitializeUserDetailsBeanManagerConfigurer' to ERROR
2026-06-10T00:01:06.537-05:00  WARN 20284 --- [backend] [main] JpaBaseConfiguration$JpaWebConfiguration : spring.jpa.open-in-view is enabled by default. Therefore, database queries may be performed during view rendering. Explicitly configure spring.jpa.open-in-view to disable this warning
2026-06-10T00:01:07.153-05:00  INFO 20284 --- [backend] [main] c.e.backend.BackendApplicationTests      : Started BackendApplicationTests in 4.388 seconds (process running for 5.278)
2026-06-10T00:01:08.010-05:00  INFO 20284 --- [backend] [main] c.e.backend.services.ProductService      : Creando producto...
2026-06-10T00:01:08.012-05:00  INFO 20284 --- [backend] [main] c.e.backend.services.ProductService      : Producto creado con id: 1
2026-06-10T00:01:08.018-05:00  INFO 20284 --- [backend] [main] c.e.backend.services.ProductService      : Buscando producto con id 1
2026-06-10T00:01:08.019-05:00  INFO 20284 --- [backend] [main] c.e.backend.services.ProductService      : Producto acutalizado con id: 1
2026-06-10T00:01:08.028-05:00  INFO 20284 --- [backend] [main] c.e.backend.services.ProductService      : Buscando producto con id 1
2026-06-10T00:01:08.029-05:00  INFO 20284 --- [backend] [main] c.e.backend.services.ProductService      : Producto inactivo: 1
2026-06-10T00:01:08.062-05:00  INFO 20284 --- [backend] [SpringApplicationShutdownHook] j.LocalContainerEntityManagerFactoryBean : Closing JPA EntityManagerFactory for persistence unit 'default'
2026-06-10T00:01:08.067-05:00  INFO 20284 --- [backend] [SpringApplicationShutdownHook] com.zaxxer.hikari.HikariDataSource       : HikariPool-1 - Shutdown initiated...
2026-06-10T00:01:08.084-05:00  INFO 20284 --- [backend] [SpringApplicationShutdownHook] com.zaxxer.hikari.HikariDataSource       : HikariPool-1 - Shutdown completed.
2026-06-10T00:03:06.102-05:00  INFO 26100 --- [backend] [main] c.e.backend.BackendApplicationTests      : Starting BackendApplicationTests using Java 21.0.11 with PID 26100 (started by Zogurf in C:\Users\Zogurf\Documents\UTP\Integrador\proyecto\Jair\proyecto_ceramica\backend)
2026-06-10T00:03:06.104-05:00 DEBUG 26100 --- [backend] [main] c.e.backend.BackendApplicationTests      : Running with Spring Boot v4.0.5, Spring v7.0.6
2026-06-10T00:03:06.104-05:00  INFO 26100 --- [backend] [main] c.e.backend.BackendApplicationTests      : No active profile set, falling back to 1 default profile: "default"
2026-06-10T00:03:06.714-05:00  INFO 26100 --- [backend] [main] .s.d.r.c.RepositoryConfigurationDelegate : Bootstrapping Spring Data JPA repositories in DEFAULT mode.
2026-06-10T00:03:06.770-05:00  INFO 26100 --- [backend] [main] .s.d.r.c.RepositoryConfigurationDelegate : Finished Spring Data repository scanning in 48 ms. Found 6 JPA repository interfaces.
2026-06-10T00:03:07.104-05:00  INFO 26100 --- [backend] [main] com.zaxxer.hikari.HikariDataSource       : HikariPool-1 - Starting...
2026-06-10T00:03:07.419-05:00  INFO 26100 --- [backend] [main] com.zaxxer.hikari.pool.HikariPool        : HikariPool-1 - Added connection com.mysql.cj.jdbc.ConnectionImpl@ec5f944
2026-06-10T00:03:07.421-05:00  INFO 26100 --- [backend] [main] com.zaxxer.hikari.HikariDataSource       : HikariPool-1 - Start completed.
2026-06-10T00:03:07.510-05:00  INFO 26100 --- [backend] [main] org.hibernate.orm.jpa                    : HHH008540: Processing PersistenceUnitInfo [name: default]
2026-06-10T00:03:07.576-05:00  INFO 26100 --- [backend] [main] org.hibernate.orm.core                   : HHH000001: Hibernate ORM core version 7.2.7.Final
2026-06-10T00:03:08.092-05:00  INFO 26100 --- [backend] [main] o.s.o.j.p.SpringPersistenceUnitInfo      : No LoadTimeWeaver setup: ignoring JPA class transformer
2026-06-10T00:03:08.212-05:00  INFO 26100 --- [backend] [main] org.hibernate.orm.connections.pooling    : HHH10001005: Database info:
	Database JDBC URL [jdbc:mysql://localhost:3306/ceramic_store_db?createDatabaseIfNotExist=true]
	Database driver: MySQL Connector/J
	Database dialect: MySQLDialect
	Database version: 8.0.45
	Default catalog/schema: ceramic_store_db/undefined
	Autocommit mode: undefined/unknown
	Isolation level: REPEATABLE_READ [default REPEATABLE_READ]
	JDBC fetch size: none
	Pool: DataSourceConnectionProvider
	Minimum pool size: undefined/unknown
	Maximum pool size: undefined/unknown
2026-06-10T00:03:09.052-05:00  INFO 26100 --- [backend] [main] org.hibernate.orm.core                   : HHH000489: No JTA platform available (set 'hibernate.transaction.jta.platform' to enable JTA platform integration)
2026-06-10T00:03:09.124-05:00  INFO 26100 --- [backend] [main] j.LocalContainerEntityManagerFactoryBean : Initialized JPA EntityManagerFactory for persistence unit 'default'
2026-06-10T00:03:09.198-05:00  INFO 26100 --- [backend] [main] o.s.d.j.r.query.QueryEnhancerFactories   : Hibernate is in classpath; If applicable, HQL parser will be used.
2026-06-10T00:03:09.445-05:00  INFO 26100 --- [backend] [main] eAuthenticationProviderManagerConfigurer : Global AuthenticationManager configured with AuthenticationProvider bean with name authenticationProvider
2026-06-10T00:03:09.445-05:00  WARN 26100 --- [backend] [main] r$InitializeUserDetailsManagerConfigurer : Global AuthenticationManager configured with an AuthenticationProvider bean. UserDetailsService beans will not be used by Spring Security for automatically configuring username/password login. Consider removing the AuthenticationProvider bean. Alternatively, consider using the UserDetailsService in a manually instantiated DaoAuthenticationProvider. If the current configuration is intentional, to turn off this warning, increase the logging level of 'org.springframework.security.config.annotation.authentication.configuration.InitializeUserDetailsBeanManagerConfigurer' to ERROR
2026-06-10T00:03:09.510-05:00  WARN 26100 --- [backend] [main] JpaBaseConfiguration$JpaWebConfiguration : spring.jpa.open-in-view is enabled by default. Therefore, database queries may be performed during view rendering. Explicitly configure spring.jpa.open-in-view to disable this warning
2026-06-10T00:03:10.017-05:00  INFO 26100 --- [backend] [main] c.e.backend.BackendApplicationTests      : Started BackendApplicationTests in 4.169 seconds (process running for 5.088)
2026-06-10T00:03:10.770-05:00  INFO 26100 --- [backend] [main] c.e.backend.services.ProductService      : Creando producto...
2026-06-10T00:03:10.771-05:00  INFO 26100 --- [backend] [main] c.e.backend.services.ProductService      : Producto creado con id: 1
2026-06-10T00:03:10.780-05:00  INFO 26100 --- [backend] [main] c.e.backend.services.ProductService      : Buscando producto con id 1
2026-06-10T00:03:10.781-05:00  INFO 26100 --- [backend] [main] c.e.backend.services.ProductService      : Producto acutalizado con id: 1
2026-06-10T00:03:10.785-05:00  INFO 26100 --- [backend] [main] c.e.backend.services.ProductService      : Buscando producto con id 1
2026-06-10T00:03:10.786-05:00  INFO 26100 --- [backend] [main] c.e.backend.services.ProductService      : Producto inactivo: 1
2026-06-10T00:03:10.868-05:00  INFO 26100 --- [backend] [SpringApplicationShutdownHook] j.LocalContainerEntityManagerFactoryBean : Closing JPA EntityManagerFactory for persistence unit 'default'
2026-06-10T00:03:10.871-05:00  INFO 26100 --- [backend] [SpringApplicationShutdownHook] com.zaxxer.hikari.HikariDataSource       : HikariPool-1 - Shutdown initiated...
2026-06-10T00:03:10.881-05:00  INFO 26100 --- [backend] [SpringApplicationShutdownHook] com.zaxxer.hikari.HikariDataSource       : HikariPool-1 - Shutdown completed.
2026-06-10T00:11:47.408-05:00  INFO 17652 --- [backend] [main] c.e.backend.BackendApplicationTests      : Starting BackendApplicationTests using Java 21.0.11 with PID 17652 (started by Zogurf in C:\Users\Zogurf\Documents\UTP\Integrador\proyecto\Jair\proyecto_ceramica\backend)
2026-06-10T00:11:47.409-05:00 DEBUG 17652 --- [backend] [main] c.e.backend.BackendApplicationTests      : Running with Spring Boot v4.0.5, Spring v7.0.6
2026-06-10T00:11:47.410-05:00  INFO 17652 --- [backend] [main] c.e.backend.BackendApplicationTests      : No active profile set, falling back to 1 default profile: "default"
2026-06-10T00:11:48.001-05:00  INFO 17652 --- [backend] [main] .s.d.r.c.RepositoryConfigurationDelegate : Bootstrapping Spring Data JPA repositories in DEFAULT mode.
2026-06-10T00:11:48.055-05:00  INFO 17652 --- [backend] [main] .s.d.r.c.RepositoryConfigurationDelegate : Finished Spring Data repository scanning in 47 ms. Found 6 JPA repository interfaces.
2026-06-10T00:11:48.352-05:00  INFO 17652 --- [backend] [main] com.zaxxer.hikari.HikariDataSource       : HikariPool-1 - Starting...
2026-06-10T00:11:48.685-05:00  INFO 17652 --- [backend] [main] com.zaxxer.hikari.pool.HikariPool        : HikariPool-1 - Added connection com.mysql.cj.jdbc.ConnectionImpl@ec5f944
2026-06-10T00:11:48.687-05:00  INFO 17652 --- [backend] [main] com.zaxxer.hikari.HikariDataSource       : HikariPool-1 - Start completed.
2026-06-10T00:11:48.774-05:00  INFO 17652 --- [backend] [main] org.hibernate.orm.jpa                    : HHH008540: Processing PersistenceUnitInfo [name: default]
2026-06-10T00:11:48.845-05:00  INFO 17652 --- [backend] [main] org.hibernate.orm.core                   : HHH000001: Hibernate ORM core version 7.2.7.Final
2026-06-10T00:11:49.349-05:00  INFO 17652 --- [backend] [main] o.s.o.j.p.SpringPersistenceUnitInfo      : No LoadTimeWeaver setup: ignoring JPA class transformer
2026-06-10T00:11:49.439-05:00  INFO 17652 --- [backend] [main] org.hibernate.orm.connections.pooling    : HHH10001005: Database info:
	Database JDBC URL [jdbc:mysql://localhost:3306/ceramic_store_db?createDatabaseIfNotExist=true]
	Database driver: MySQL Connector/J
	Database dialect: MySQLDialect
	Database version: 8.0.45
	Default catalog/schema: ceramic_store_db/undefined
	Autocommit mode: undefined/unknown
	Isolation level: REPEATABLE_READ [default REPEATABLE_READ]
	JDBC fetch size: none
	Pool: DataSourceConnectionProvider
	Minimum pool size: undefined/unknown
	Maximum pool size: undefined/unknown
2026-06-10T00:11:50.250-05:00  INFO 17652 --- [backend] [main] org.hibernate.orm.core                   : HHH000489: No JTA platform available (set 'hibernate.transaction.jta.platform' to enable JTA platform integration)
2026-06-10T00:11:50.317-05:00  INFO 17652 --- [backend] [main] j.LocalContainerEntityManagerFactoryBean : Initialized JPA EntityManagerFactory for persistence unit 'default'
2026-06-10T00:11:50.380-05:00  INFO 17652 --- [backend] [main] o.s.d.j.r.query.QueryEnhancerFactories   : Hibernate is in classpath; If applicable, HQL parser will be used.
2026-06-10T00:11:50.643-05:00  INFO 17652 --- [backend] [main] eAuthenticationProviderManagerConfigurer : Global AuthenticationManager configured with AuthenticationProvider bean with name authenticationProvider
2026-06-10T00:11:50.644-05:00  WARN 17652 --- [backend] [main] r$InitializeUserDetailsManagerConfigurer : Global AuthenticationManager configured with an AuthenticationProvider bean. UserDetailsService beans will not be used by Spring Security for automatically configuring username/password login. Consider removing the AuthenticationProvider bean. Alternatively, consider using the UserDetailsService in a manually instantiated DaoAuthenticationProvider. If the current configuration is intentional, to turn off this warning, increase the logging level of 'org.springframework.security.config.annotation.authentication.configuration.InitializeUserDetailsBeanManagerConfigurer' to ERROR
2026-06-10T00:11:50.729-05:00  WARN 17652 --- [backend] [main] JpaBaseConfiguration$JpaWebConfiguration : spring.jpa.open-in-view is enabled by default. Therefore, database queries may be performed during view rendering. Explicitly configure spring.jpa.open-in-view to disable this warning
2026-06-10T00:11:51.281-05:00  INFO 17652 --- [backend] [main] c.e.backend.BackendApplicationTests      : Started BackendApplicationTests in 4.158 seconds (process running for 5.077)
2026-06-10T00:11:51.990-05:00  INFO 17652 --- [backend] [main] c.e.backend.services.ProductService      : Creando producto...
2026-06-10T00:11:51.991-05:00  INFO 17652 --- [backend] [main] c.e.backend.services.ProductService      : Producto creado con id: 1
2026-06-10T00:11:51.996-05:00  INFO 17652 --- [backend] [main] c.e.backend.services.ProductService      : Buscando producto con id 1
2026-06-10T00:11:51.998-05:00  INFO 17652 --- [backend] [main] c.e.backend.services.ProductService      : Producto acutalizado con id: 1
2026-06-10T00:11:52.003-05:00  INFO 17652 --- [backend] [main] c.e.backend.services.ProductService      : Buscando producto con id 1
2026-06-10T00:11:52.004-05:00  INFO 17652 --- [backend] [main] c.e.backend.services.ProductService      : Producto inactivo: 1
2026-06-10T00:11:52.031-05:00  INFO 17652 --- [backend] [SpringApplicationShutdownHook] j.LocalContainerEntityManagerFactoryBean : Closing JPA EntityManagerFactory for persistence unit 'default'
2026-06-10T00:11:52.035-05:00  INFO 17652 --- [backend] [SpringApplicationShutdownHook] com.zaxxer.hikari.HikariDataSource       : HikariPool-1 - Shutdown initiated...
2026-06-10T00:11:52.045-05:00  INFO 17652 --- [backend] [SpringApplicationShutdownHook] com.zaxxer.hikari.HikariDataSource       : HikariPool-1 - Shutdown completed.
2026-06-10T00:15:09.944-05:00  INFO 10852 --- [backend] [main] com.example.backend.BackendApplication   : Starting BackendApplication using Java 25.0.2 with PID 10852 (C:\Users\Zogurf\Documents\UTP\Integrador\proyecto\Jair\proyecto_ceramica\backend\target\classes started by Zogurf in C:\Users\Zogurf\Documents\UTP\Integrador\proyecto\Jair\proyecto_ceramica\backend)
2026-06-10T00:15:09.947-05:00 DEBUG 10852 --- [backend] [main] com.example.backend.BackendApplication   : Running with Spring Boot v4.0.5, Spring v7.0.6
2026-06-10T00:15:09.947-05:00  INFO 10852 --- [backend] [main] com.example.backend.BackendApplication   : No active profile set, falling back to 1 default profile: "default"
2026-06-10T00:15:10.773-05:00  INFO 10852 --- [backend] [main] .s.d.r.c.RepositoryConfigurationDelegate : Bootstrapping Spring Data JPA repositories in DEFAULT mode.
2026-06-10T00:15:10.816-05:00  INFO 10852 --- [backend] [main] .s.d.r.c.RepositoryConfigurationDelegate : Finished Spring Data repository scanning in 37 ms. Found 6 JPA repository interfaces.
2026-06-10T00:15:11.226-05:00  INFO 10852 --- [backend] [main] o.s.boot.tomcat.TomcatWebServer          : Tomcat initialized with port 8080 (http)
2026-06-10T00:15:11.245-05:00  INFO 10852 --- [backend] [main] o.apache.catalina.core.StandardService   : Starting service [Tomcat]
2026-06-10T00:15:11.245-05:00  INFO 10852 --- [backend] [main] o.apache.catalina.core.StandardEngine    : Starting Servlet engine: [Apache Tomcat/11.0.20]
2026-06-10T00:15:11.294-05:00  INFO 10852 --- [backend] [main] b.w.c.s.WebApplicationContextInitializer : Root WebApplicationContext: initialization completed in 1312 ms
2026-06-10T00:15:11.344-05:00  INFO 10852 --- [backend] [main] com.zaxxer.hikari.HikariDataSource       : HikariPool-1 - Starting...
2026-06-10T00:15:11.637-05:00  INFO 10852 --- [backend] [main] com.zaxxer.hikari.pool.HikariPool        : HikariPool-1 - Added connection com.mysql.cj.jdbc.ConnectionImpl@7caf1e5
2026-06-10T00:15:11.639-05:00  INFO 10852 --- [backend] [main] com.zaxxer.hikari.HikariDataSource       : HikariPool-1 - Start completed.
2026-06-10T00:15:11.692-05:00  INFO 10852 --- [backend] [main] org.hibernate.orm.jpa                    : HHH008540: Processing PersistenceUnitInfo [name: default]
2026-06-10T00:15:11.722-05:00  INFO 10852 --- [backend] [main] org.hibernate.orm.core                   : HHH000001: Hibernate ORM core version 7.2.7.Final
2026-06-10T00:15:12.024-05:00  INFO 10852 --- [backend] [main] o.s.o.j.p.SpringPersistenceUnitInfo      : No LoadTimeWeaver setup: ignoring JPA class transformer
2026-06-10T00:15:12.098-05:00  INFO 10852 --- [backend] [main] org.hibernate.orm.connections.pooling    : HHH10001005: Database info:
	Database JDBC URL [jdbc:mysql://localhost:3306/ceramic_store_db?createDatabaseIfNotExist=true]
	Database driver: MySQL Connector/J
	Database dialect: MySQLDialect
	Database version: 8.0.45
	Default catalog/schema: ceramic_store_db/undefined
	Autocommit mode: undefined/unknown
	Isolation level: REPEATABLE_READ [default REPEATABLE_READ]
	JDBC fetch size: none
	Pool: DataSourceConnectionProvider
	Minimum pool size: undefined/unknown
	Maximum pool size: undefined/unknown
2026-06-10T00:15:12.801-05:00  INFO 10852 --- [backend] [main] org.hibernate.orm.core                   : HHH000489: No JTA platform available (set 'hibernate.transaction.jta.platform' to enable JTA platform integration)
2026-06-10T00:15:12.861-05:00  INFO 10852 --- [backend] [main] j.LocalContainerEntityManagerFactoryBean : Initialized JPA EntityManagerFactory for persistence unit 'default'
2026-06-10T00:15:12.898-05:00  INFO 10852 --- [backend] [main] o.s.d.j.r.query.QueryEnhancerFactories   : Hibernate is in classpath; If applicable, HQL parser will be used.
2026-06-10T00:15:13.022-05:00 DEBUG 10852 --- [backend] [main] c.e.b.config.JwtAuthenticationFilter     : Filter 'jwtAuthenticationFilter' configured for use
2026-06-10T00:15:13.113-05:00  INFO 10852 --- [backend] [main] eAuthenticationProviderManagerConfigurer : Global AuthenticationManager configured with AuthenticationProvider bean with name authenticationProvider
2026-06-10T00:15:13.113-05:00  WARN 10852 --- [backend] [main] r$InitializeUserDetailsManagerConfigurer : Global AuthenticationManager configured with an AuthenticationProvider bean. UserDetailsService beans will not be used by Spring Security for automatically configuring username/password login. Consider removing the AuthenticationProvider bean. Alternatively, consider using the UserDetailsService in a manually instantiated DaoAuthenticationProvider. If the current configuration is intentional, to turn off this warning, increase the logging level of 'org.springframework.security.config.annotation.authentication.configuration.InitializeUserDetailsBeanManagerConfigurer' to ERROR
2026-06-10T00:15:13.155-05:00  WARN 10852 --- [backend] [main] JpaBaseConfiguration$JpaWebConfiguration : spring.jpa.open-in-view is enabled by default. Therefore, database queries may be performed during view rendering. Explicitly configure spring.jpa.open-in-view to disable this warning
2026-06-10T00:15:13.480-05:00  INFO 10852 --- [backend] [main] o.s.boot.tomcat.TomcatWebServer          : Tomcat started on port 8080 (http) with context path '/'
2026-06-10T00:15:13.484-05:00  INFO 10852 --- [backend] [main] com.example.backend.BackendApplication   : Started BackendApplication in 3.833 seconds (process running for 4.95)
2026-06-10T00:17:15.019-05:00  INFO 10852 --- [backend] [http-nio-8080-exec-1] o.a.c.c.C.[Tomcat].[localhost].[/]       : Initializing Spring DispatcherServlet 'dispatcherServlet'
2026-06-10T00:17:15.019-05:00  INFO 10852 --- [backend] [http-nio-8080-exec-1] o.s.web.servlet.DispatcherServlet        : Initializing Servlet 'dispatcherServlet'
2026-06-10T00:17:15.020-05:00  INFO 10852 --- [backend] [http-nio-8080-exec-1] o.s.web.servlet.DispatcherServlet        : Completed initialization in 1 ms
2026-06-10T00:17:21.686-05:00  INFO 10852 --- [backend] [http-nio-8080-exec-5] c.e.backend.services.ProductService      : Buscando producto id 1
2026-06-10T00:17:21.720-05:00  INFO 10852 --- [backend] [http-nio-8080-exec-5] c.e.backend.services.ProductService      : Producto encontrado: Loro
2026-06-10T00:17:21.782-05:00  INFO 10852 --- [backend] [http-nio-8080-exec-6] c.e.backend.services.ProductService      : Buscando producto id 1
2026-06-10T00:17:21.789-05:00  INFO 10852 --- [backend] [http-nio-8080-exec-6] c.e.backend.services.ProductService      : Producto encontrado: Loro
2026-06-10T00:42:28.441-05:00  INFO 21228 --- [backend] [main] c.e.backend.BackendApplicationTests      : Starting BackendApplicationTests using Java 21.0.11 with PID 21228 (started by Zogurf in C:\Users\Zogurf\Documents\UTP\Integrador\proyecto\Jair\proyecto_ceramica\backend)
2026-06-10T00:42:28.442-05:00 DEBUG 21228 --- [backend] [main] c.e.backend.BackendApplicationTests      : Running with Spring Boot v4.0.5, Spring v7.0.6
2026-06-10T00:42:28.443-05:00  INFO 21228 --- [backend] [main] c.e.backend.BackendApplicationTests      : No active profile set, falling back to 1 default profile: "default"
2026-06-10T00:42:29.030-05:00  INFO 21228 --- [backend] [main] .s.d.r.c.RepositoryConfigurationDelegate : Bootstrapping Spring Data JPA repositories in DEFAULT mode.
2026-06-10T00:42:29.089-05:00  INFO 21228 --- [backend] [main] .s.d.r.c.RepositoryConfigurationDelegate : Finished Spring Data repository scanning in 51 ms. Found 6 JPA repository interfaces.
2026-06-10T00:42:29.416-05:00  INFO 21228 --- [backend] [main] com.zaxxer.hikari.HikariDataSource       : HikariPool-1 - Starting...
2026-06-10T00:42:29.737-05:00  INFO 21228 --- [backend] [main] com.zaxxer.hikari.pool.HikariPool        : HikariPool-1 - Added connection com.mysql.cj.jdbc.ConnectionImpl@ec5f944
2026-06-10T00:42:29.739-05:00  INFO 21228 --- [backend] [main] com.zaxxer.hikari.HikariDataSource       : HikariPool-1 - Start completed.
2026-06-10T00:42:29.827-05:00  INFO 21228 --- [backend] [main] org.hibernate.orm.jpa                    : HHH008540: Processing PersistenceUnitInfo [name: default]
2026-06-10T00:42:29.920-05:00  INFO 21228 --- [backend] [main] org.hibernate.orm.core                   : HHH000001: Hibernate ORM core version 7.2.7.Final
2026-06-10T00:42:30.455-05:00  INFO 21228 --- [backend] [main] o.s.o.j.p.SpringPersistenceUnitInfo      : No LoadTimeWeaver setup: ignoring JPA class transformer
2026-06-10T00:42:30.564-05:00  INFO 21228 --- [backend] [main] org.hibernate.orm.connections.pooling    : HHH10001005: Database info:
	Database JDBC URL [jdbc:mysql://localhost:3306/ceramic_store_db?createDatabaseIfNotExist=true]
	Database driver: MySQL Connector/J
	Database dialect: MySQLDialect
	Database version: 8.0.45
	Default catalog/schema: ceramic_store_db/undefined
	Autocommit mode: undefined/unknown
	Isolation level: REPEATABLE_READ [default REPEATABLE_READ]
	JDBC fetch size: none
	Pool: DataSourceConnectionProvider
	Minimum pool size: undefined/unknown
	Maximum pool size: undefined/unknown
2026-06-10T00:42:31.388-05:00  INFO 21228 --- [backend] [main] org.hibernate.orm.core                   : HHH000489: No JTA platform available (set 'hibernate.transaction.jta.platform' to enable JTA platform integration)
2026-06-10T00:42:31.456-05:00  INFO 21228 --- [backend] [main] j.LocalContainerEntityManagerFactoryBean : Initialized JPA EntityManagerFactory for persistence unit 'default'
2026-06-10T00:42:31.525-05:00  INFO 21228 --- [backend] [main] o.s.d.j.r.query.QueryEnhancerFactories   : Hibernate is in classpath; If applicable, HQL parser will be used.
2026-06-10T00:42:31.780-05:00  INFO 21228 --- [backend] [main] eAuthenticationProviderManagerConfigurer : Global AuthenticationManager configured with AuthenticationProvider bean with name authenticationProvider
2026-06-10T00:42:31.780-05:00  WARN 21228 --- [backend] [main] r$InitializeUserDetailsManagerConfigurer : Global AuthenticationManager configured with an AuthenticationProvider bean. UserDetailsService beans will not be used by Spring Security for automatically configuring username/password login. Consider removing the AuthenticationProvider bean. Alternatively, consider using the UserDetailsService in a manually instantiated DaoAuthenticationProvider. If the current configuration is intentional, to turn off this warning, increase the logging level of 'org.springframework.security.config.annotation.authentication.configuration.InitializeUserDetailsBeanManagerConfigurer' to ERROR
2026-06-10T00:42:31.854-05:00  WARN 21228 --- [backend] [main] JpaBaseConfiguration$JpaWebConfiguration : spring.jpa.open-in-view is enabled by default. Therefore, database queries may be performed during view rendering. Explicitly configure spring.jpa.open-in-view to disable this warning
2026-06-10T00:42:32.376-05:00  INFO 21228 --- [backend] [main] c.e.backend.BackendApplicationTests      : Started BackendApplicationTests in 4.191 seconds (process running for 5.07)
2026-06-10T00:42:33.102-05:00  INFO 21228 --- [backend] [main] c.e.backend.services.ProductService      : Creando producto...
2026-06-10T00:42:33.103-05:00  INFO 21228 --- [backend] [main] c.e.backend.services.ProductService      : Producto creado con id: 1
2026-06-10T00:42:33.108-05:00  INFO 21228 --- [backend] [main] c.e.backend.services.ProductService      : Buscando producto con id 1
2026-06-10T00:42:33.109-05:00  INFO 21228 --- [backend] [main] c.e.backend.services.ProductService      : Producto acutalizado con id: 1
2026-06-10T00:42:33.113-05:00  INFO 21228 --- [backend] [main] c.e.backend.services.ProductService      : Buscando producto con id 1
2026-06-10T00:42:33.114-05:00  INFO 21228 --- [backend] [main] c.e.backend.services.ProductService      : Producto inactivo: 1
2026-06-10T00:42:33.164-05:00  INFO 21228 --- [backend] [SpringApplicationShutdownHook] j.LocalContainerEntityManagerFactoryBean : Closing JPA EntityManagerFactory for persistence unit 'default'
2026-06-10T00:42:33.168-05:00  INFO 21228 --- [backend] [SpringApplicationShutdownHook] com.zaxxer.hikari.HikariDataSource       : HikariPool-1 - Shutdown initiated...
2026-06-10T00:42:33.179-05:00  INFO 21228 --- [backend] [SpringApplicationShutdownHook] com.zaxxer.hikari.HikariDataSource       : HikariPool-1 - Shutdown completed.
2026-06-10T00:46:31.847-05:00  INFO 10852 --- [backend] [SpringApplicationShutdownHook] o.s.boot.tomcat.GracefulShutdown         : Commencing graceful shutdown. Waiting for active requests to complete
2026-06-10T00:46:31.851-05:00  INFO 10852 --- [backend] [tomcat-shutdown] o.s.boot.tomcat.GracefulShutdown         : Graceful shutdown complete
2026-06-10T00:46:31.853-05:00  INFO 10852 --- [backend] [SpringApplicationShutdownHook] j.LocalContainerEntityManagerFactoryBean : Closing JPA EntityManagerFactory for persistence unit 'default'
2026-06-10T00:46:31.855-05:00  INFO 10852 --- [backend] [SpringApplicationShutdownHook] com.zaxxer.hikari.HikariDataSource       : HikariPool-1 - Shutdown initiated...
2026-06-10T00:46:31.859-05:00  INFO 10852 --- [backend] [SpringApplicationShutdownHook] com.zaxxer.hikari.HikariDataSource       : HikariPool-1 - Shutdown completed.
2026-06-10T00:46:34.695-05:00  INFO 19288 --- [backend] [main] com.example.backend.BackendApplication   : Starting BackendApplication using Java 25.0.2 with PID 19288 (C:\Users\Zogurf\Documents\UTP\Integrador\proyecto\Jair\proyecto_ceramica\backend\target\classes started by Zogurf in C:\Users\Zogurf\Documents\UTP\Integrador\proyecto\Jair\proyecto_ceramica\backend)
2026-06-10T00:46:34.697-05:00 DEBUG 19288 --- [backend] [main] com.example.backend.BackendApplication   : Running with Spring Boot v4.0.5, Spring v7.0.6
2026-06-10T00:46:34.697-05:00  INFO 19288 --- [backend] [main] com.example.backend.BackendApplication   : No active profile set, falling back to 1 default profile: "default"
2026-06-10T00:46:35.275-05:00  INFO 19288 --- [backend] [main] .s.d.r.c.RepositoryConfigurationDelegate : Bootstrapping Spring Data JPA repositories in DEFAULT mode.
2026-06-10T00:46:35.317-05:00  INFO 19288 --- [backend] [main] .s.d.r.c.RepositoryConfigurationDelegate : Finished Spring Data repository scanning in 37 ms. Found 6 JPA repository interfaces.
2026-06-10T00:46:35.603-05:00  INFO 19288 --- [backend] [main] o.s.boot.tomcat.TomcatWebServer          : Tomcat initialized with port 8080 (http)
2026-06-10T00:46:35.611-05:00  INFO 19288 --- [backend] [main] o.apache.catalina.core.StandardService   : Starting service [Tomcat]
2026-06-10T00:46:35.611-05:00  INFO 19288 --- [backend] [main] o.apache.catalina.core.StandardEngine    : Starting Servlet engine: [Apache Tomcat/11.0.20]
2026-06-10T00:46:35.644-05:00  INFO 19288 --- [backend] [main] b.w.c.s.WebApplicationContextInitializer : Root WebApplicationContext: initialization completed in 913 ms
2026-06-10T00:46:35.676-05:00  INFO 19288 --- [backend] [main] com.zaxxer.hikari.HikariDataSource       : HikariPool-1 - Starting...
2026-06-10T00:46:35.915-05:00  INFO 19288 --- [backend] [main] com.zaxxer.hikari.pool.HikariPool        : HikariPool-1 - Added connection com.mysql.cj.jdbc.ConnectionImpl@370c7cc5
2026-06-10T00:46:35.917-05:00  INFO 19288 --- [backend] [main] com.zaxxer.hikari.HikariDataSource       : HikariPool-1 - Start completed.
2026-06-10T00:46:35.980-05:00  INFO 19288 --- [backend] [main] org.hibernate.orm.jpa                    : HHH008540: Processing PersistenceUnitInfo [name: default]
2026-06-10T00:46:36.014-05:00  INFO 19288 --- [backend] [main] org.hibernate.orm.core                   : HHH000001: Hibernate ORM core version 7.2.7.Final
2026-06-10T00:46:36.341-05:00  INFO 19288 --- [backend] [main] o.s.o.j.p.SpringPersistenceUnitInfo      : No LoadTimeWeaver setup: ignoring JPA class transformer
2026-06-10T00:46:36.411-05:00  INFO 19288 --- [backend] [main] org.hibernate.orm.connections.pooling    : HHH10001005: Database info:
	Database JDBC URL [jdbc:mysql://localhost:3306/ceramic_store_db?createDatabaseIfNotExist=true]
	Database driver: MySQL Connector/J
	Database dialect: MySQLDialect
	Database version: 8.0.45
	Default catalog/schema: ceramic_store_db/undefined
	Autocommit mode: undefined/unknown
	Isolation level: REPEATABLE_READ [default REPEATABLE_READ]
	JDBC fetch size: none
	Pool: DataSourceConnectionProvider
	Minimum pool size: undefined/unknown
	Maximum pool size: undefined/unknown
2026-06-10T00:46:37.084-05:00  INFO 19288 --- [backend] [main] org.hibernate.orm.core                   : HHH000489: No JTA platform available (set 'hibernate.transaction.jta.platform' to enable JTA platform integration)
2026-06-10T00:46:37.142-05:00  INFO 19288 --- [backend] [main] j.LocalContainerEntityManagerFactoryBean : Initialized JPA EntityManagerFactory for persistence unit 'default'
2026-06-10T00:46:37.175-05:00  INFO 19288 --- [backend] [main] o.s.d.j.r.query.QueryEnhancerFactories   : Hibernate is in classpath; If applicable, HQL parser will be used.
2026-06-10T00:46:37.289-05:00 DEBUG 19288 --- [backend] [main] c.e.b.config.JwtAuthenticationFilter     : Filter 'jwtAuthenticationFilter' configured for use
2026-06-10T00:46:37.382-05:00  INFO 19288 --- [backend] [main] eAuthenticationProviderManagerConfigurer : Global AuthenticationManager configured with AuthenticationProvider bean with name authenticationProvider
2026-06-10T00:46:37.382-05:00  WARN 19288 --- [backend] [main] r$InitializeUserDetailsManagerConfigurer : Global AuthenticationManager configured with an AuthenticationProvider bean. UserDetailsService beans will not be used by Spring Security for automatically configuring username/password login. Consider removing the AuthenticationProvider bean. Alternatively, consider using the UserDetailsService in a manually instantiated DaoAuthenticationProvider. If the current configuration is intentional, to turn off this warning, increase the logging level of 'org.springframework.security.config.annotation.authentication.configuration.InitializeUserDetailsBeanManagerConfigurer' to ERROR
2026-06-10T00:46:37.425-05:00  WARN 19288 --- [backend] [main] JpaBaseConfiguration$JpaWebConfiguration : spring.jpa.open-in-view is enabled by default. Therefore, database queries may be performed during view rendering. Explicitly configure spring.jpa.open-in-view to disable this warning
2026-06-10T00:46:37.697-05:00  INFO 19288 --- [backend] [main] o.s.boot.tomcat.TomcatWebServer          : Tomcat started on port 8080 (http) with context path '/'
2026-06-10T00:46:37.701-05:00  INFO 19288 --- [backend] [main] com.example.backend.BackendApplication   : Started BackendApplication in 3.348 seconds (process running for 3.804)
2026-06-10T00:46:40.649-05:00  INFO 19288 --- [backend] [http-nio-8080-exec-1] o.a.c.c.C.[Tomcat].[localhost].[/]       : Initializing Spring DispatcherServlet 'dispatcherServlet'
2026-06-10T00:46:40.649-05:00  INFO 19288 --- [backend] [http-nio-8080-exec-1] o.s.web.servlet.DispatcherServlet        : Initializing Servlet 'dispatcherServlet'
2026-06-10T00:46:40.650-05:00  INFO 19288 --- [backend] [http-nio-8080-exec-1] o.s.web.servlet.DispatcherServlet        : Completed initialization in 1 ms
2026-06-10T00:46:51.405-05:00  INFO 19288 --- [backend] [http-nio-8080-exec-4] c.e.backend.services.ProductService      : Buscando producto con id 1
2026-06-10T00:46:51.435-05:00  INFO 19288 --- [backend] [http-nio-8080-exec-4] c.e.backend.services.ProductService      : Producto acutalizado con id: 1
2026-06-10T00:47:31.876-05:00  INFO 19288 --- [backend] [SpringApplicationShutdownHook] o.s.boot.tomcat.GracefulShutdown         : Commencing graceful shutdown. Waiting for active requests to complete
2026-06-10T00:47:31.880-05:00  INFO 19288 --- [backend] [tomcat-shutdown] o.s.boot.tomcat.GracefulShutdown         : Graceful shutdown complete
2026-06-10T00:47:31.883-05:00  INFO 19288 --- [backend] [SpringApplicationShutdownHook] j.LocalContainerEntityManagerFactoryBean : Closing JPA EntityManagerFactory for persistence unit 'default'
2026-06-10T00:47:31.885-05:00  INFO 19288 --- [backend] [SpringApplicationShutdownHook] com.zaxxer.hikari.HikariDataSource       : HikariPool-1 - Shutdown initiated...
2026-06-10T00:47:31.888-05:00  INFO 19288 --- [backend] [SpringApplicationShutdownHook] com.zaxxer.hikari.HikariDataSource       : HikariPool-1 - Shutdown completed.
2026-06-10T00:48:49.742-05:00  INFO 11004 --- [backend] [main] c.e.backend.BackendApplicationTests      : Starting BackendApplicationTests using Java 21.0.11 with PID 11004 (started by Zogurf in C:\Users\Zogurf\Documents\UTP\Integrador\proyecto\Jair\proyecto_ceramica\backend)
2026-06-10T00:48:49.743-05:00 DEBUG 11004 --- [backend] [main] c.e.backend.BackendApplicationTests      : Running with Spring Boot v4.0.5, Spring v7.0.6
2026-06-10T00:48:49.744-05:00  INFO 11004 --- [backend] [main] c.e.backend.BackendApplicationTests      : No active profile set, falling back to 1 default profile: "default"
2026-06-10T00:48:50.305-05:00  INFO 11004 --- [backend] [main] .s.d.r.c.RepositoryConfigurationDelegate : Bootstrapping Spring Data JPA repositories in DEFAULT mode.
2026-06-10T00:48:50.356-05:00  INFO 11004 --- [backend] [main] .s.d.r.c.RepositoryConfigurationDelegate : Finished Spring Data repository scanning in 41 ms. Found 6 JPA repository interfaces.
2026-06-10T00:48:50.658-05:00  INFO 11004 --- [backend] [main] com.zaxxer.hikari.HikariDataSource       : HikariPool-1 - Starting...
2026-06-10T00:48:50.986-05:00  INFO 11004 --- [backend] [main] com.zaxxer.hikari.pool.HikariPool        : HikariPool-1 - Added connection com.mysql.cj.jdbc.ConnectionImpl@ec5f944
2026-06-10T00:48:50.987-05:00  INFO 11004 --- [backend] [main] com.zaxxer.hikari.HikariDataSource       : HikariPool-1 - Start completed.
2026-06-10T00:48:51.080-05:00  INFO 11004 --- [backend] [main] org.hibernate.orm.jpa                    : HHH008540: Processing PersistenceUnitInfo [name: default]
2026-06-10T00:48:51.142-05:00  INFO 11004 --- [backend] [main] org.hibernate.orm.core                   : HHH000001: Hibernate ORM core version 7.2.7.Final
2026-06-10T00:48:51.646-05:00  INFO 11004 --- [backend] [main] o.s.o.j.p.SpringPersistenceUnitInfo      : No LoadTimeWeaver setup: ignoring JPA class transformer
2026-06-10T00:48:51.734-05:00  INFO 11004 --- [backend] [main] org.hibernate.orm.connections.pooling    : HHH10001005: Database info:
	Database JDBC URL [jdbc:mysql://localhost:3306/ceramic_store_db?createDatabaseIfNotExist=true]
	Database driver: MySQL Connector/J
	Database dialect: MySQLDialect
	Database version: 8.0.45
	Default catalog/schema: ceramic_store_db/undefined
	Autocommit mode: undefined/unknown
	Isolation level: REPEATABLE_READ [default REPEATABLE_READ]
	JDBC fetch size: none
	Pool: DataSourceConnectionProvider
	Minimum pool size: undefined/unknown
	Maximum pool size: undefined/unknown
2026-06-10T00:48:52.547-05:00  INFO 11004 --- [backend] [main] org.hibernate.orm.core                   : HHH000489: No JTA platform available (set 'hibernate.transaction.jta.platform' to enable JTA platform integration)
2026-06-10T00:48:52.616-05:00  INFO 11004 --- [backend] [main] j.LocalContainerEntityManagerFactoryBean : Initialized JPA EntityManagerFactory for persistence unit 'default'
2026-06-10T00:48:52.686-05:00  INFO 11004 --- [backend] [main] o.s.d.j.r.query.QueryEnhancerFactories   : Hibernate is in classpath; If applicable, HQL parser will be used.
2026-06-10T00:48:52.985-05:00  INFO 11004 --- [backend] [main] eAuthenticationProviderManagerConfigurer : Global AuthenticationManager configured with AuthenticationProvider bean with name authenticationProvider
2026-06-10T00:48:52.985-05:00  WARN 11004 --- [backend] [main] r$InitializeUserDetailsManagerConfigurer : Global AuthenticationManager configured with an AuthenticationProvider bean. UserDetailsService beans will not be used by Spring Security for automatically configuring username/password login. Consider removing the AuthenticationProvider bean. Alternatively, consider using the UserDetailsService in a manually instantiated DaoAuthenticationProvider. If the current configuration is intentional, to turn off this warning, increase the logging level of 'org.springframework.security.config.annotation.authentication.configuration.InitializeUserDetailsBeanManagerConfigurer' to ERROR
2026-06-10T00:48:53.064-05:00  WARN 11004 --- [backend] [main] JpaBaseConfiguration$JpaWebConfiguration : spring.jpa.open-in-view is enabled by default. Therefore, database queries may be performed during view rendering. Explicitly configure spring.jpa.open-in-view to disable this warning
2026-06-10T00:48:53.566-05:00  INFO 11004 --- [backend] [main] c.e.backend.BackendApplicationTests      : Started BackendApplicationTests in 4.144 seconds (process running for 5.056)
2026-06-10T00:48:54.230-05:00  INFO 11004 --- [backend] [main] c.e.backend.services.ProductService      : Creando producto...
2026-06-10T00:48:54.231-05:00  INFO 11004 --- [backend] [main] c.e.backend.services.ProductService      : Producto creado con id: 1
2026-06-10T00:48:54.236-05:00  INFO 11004 --- [backend] [main] c.e.backend.services.ProductService      : Buscando producto con id 1
2026-06-10T00:48:54.237-05:00  INFO 11004 --- [backend] [main] c.e.backend.services.ProductService      : Producto acutalizado con id: 1
2026-06-10T00:48:54.240-05:00  INFO 11004 --- [backend] [main] c.e.backend.services.ProductService      : Buscando producto con id 1
2026-06-10T00:48:54.241-05:00  INFO 11004 --- [backend] [main] c.e.backend.services.ProductService      : Producto inactivo: 1
2026-06-10T00:48:54.302-05:00  INFO 11004 --- [backend] [SpringApplicationShutdownHook] j.LocalContainerEntityManagerFactoryBean : Closing JPA EntityManagerFactory for persistence unit 'default'
2026-06-10T00:48:54.306-05:00  INFO 11004 --- [backend] [SpringApplicationShutdownHook] com.zaxxer.hikari.HikariDataSource       : HikariPool-1 - Shutdown initiated...
2026-06-10T00:48:54.319-05:00  INFO 11004 --- [backend] [SpringApplicationShutdownHook] com.zaxxer.hikari.HikariDataSource       : HikariPool-1 - Shutdown completed.
