2026-06-10T00:25:07.519-05:00  INFO 21580 --- [backend] [main] com.example.backend.BackendApplication   : Starting BackendApplication using Java 25.0.3 with PID 21580 (D:\Itzair\UNIVERSIDAD UTP\CICLO VII\PROYECTO CERAMICA FINAL\proyecto_ceramica-main(1)\proyecto_ceramica-main\backend\target\classes started by P in D:\Itzair\UNIVERSIDAD UTP\CICLO VII\PROYECTO CERAMICA FINAL\proyecto_ceramica-main(1)\proyecto_ceramica-main)
2026-06-10T00:25:07.529-05:00 DEBUG 21580 --- [backend] [main] com.example.backend.BackendApplication   : Running with Spring Boot v4.0.5, Spring v7.0.6
2026-06-10T00:25:07.531-05:00  INFO 21580 --- [backend] [main] com.example.backend.BackendApplication   : No active profile set, falling back to 1 default profile: "default"
2026-06-10T00:25:09.868-05:00  INFO 9820 --- [backend] [main] com.example.backend.BackendApplication   : Starting BackendApplication using Java 25.0.3 with PID 9820 (D:\Itzair\UNIVERSIDAD UTP\CICLO VII\PROYECTO CERAMICA FINAL\proyecto_ceramica-main(1)\proyecto_ceramica-main\backend\target\classes started by P in D:\Itzair\UNIVERSIDAD UTP\CICLO VII\PROYECTO CERAMICA FINAL\proyecto_ceramica-main(1)\proyecto_ceramica-main)
2026-06-10T00:25:09.871-05:00 DEBUG 9820 --- [backend] [main] com.example.backend.BackendApplication   : Running with Spring Boot v4.0.5, Spring v7.0.6
2026-06-10T00:25:09.873-05:00  INFO 9820 --- [backend] [main] com.example.backend.BackendApplication   : No active profile set, falling back to 1 default profile: "default"
2026-06-10T00:25:10.498-05:00  INFO 21580 --- [backend] [main] .s.d.r.c.RepositoryConfigurationDelegate : Bootstrapping Spring Data JPA repositories in DEFAULT mode.
2026-06-10T00:25:10.686-05:00  INFO 21580 --- [backend] [main] .s.d.r.c.RepositoryConfigurationDelegate : Finished Spring Data repository scanning in 166 ms. Found 9 JPA repository interfaces.
2026-06-10T00:25:11.232-05:00  INFO 9820 --- [backend] [main] .s.d.r.c.RepositoryConfigurationDelegate : Bootstrapping Spring Data JPA repositories in DEFAULT mode.
2026-06-10T00:25:11.335-05:00  INFO 9820 --- [backend] [main] .s.d.r.c.RepositoryConfigurationDelegate : Finished Spring Data repository scanning in 96 ms. Found 9 JPA repository interfaces.
2026-06-10T00:25:11.542-05:00  INFO 21580 --- [backend] [main] o.s.boot.tomcat.TomcatWebServer          : Tomcat initialized with port 8080 (http)
2026-06-10T00:25:11.561-05:00  INFO 21580 --- [backend] [main] o.apache.catalina.core.StandardService   : Starting service [Tomcat]
2026-06-10T00:25:11.561-05:00  INFO 21580 --- [backend] [main] o.apache.catalina.core.StandardEngine    : Starting Servlet engine: [Apache Tomcat/11.0.20]
2026-06-10T00:25:11.626-05:00  INFO 21580 --- [backend] [main] b.w.c.s.WebApplicationContextInitializer : Root WebApplicationContext: initialization completed in 4005 ms
2026-06-10T00:25:11.738-05:00  INFO 21580 --- [backend] [main] com.zaxxer.hikari.HikariDataSource       : HikariPool-1 - Starting...
2026-06-10T00:25:12.045-05:00  INFO 9820 --- [backend] [main] o.s.boot.tomcat.TomcatWebServer          : Tomcat initialized with port 8080 (http)
2026-06-10T00:25:12.058-05:00  INFO 9820 --- [backend] [main] o.apache.catalina.core.StandardService   : Starting service [Tomcat]
2026-06-10T00:25:12.058-05:00  INFO 9820 --- [backend] [main] o.apache.catalina.core.StandardEngine    : Starting Servlet engine: [Apache Tomcat/11.0.20]
2026-06-10T00:25:12.114-05:00  INFO 9820 --- [backend] [main] b.w.c.s.WebApplicationContextInitializer : Root WebApplicationContext: initialization completed in 2140 ms
2026-06-10T00:25:12.193-05:00  INFO 9820 --- [backend] [main] com.zaxxer.hikari.HikariDataSource       : HikariPool-1 - Starting...
2026-06-10T00:25:12.243-05:00  INFO 21580 --- [backend] [main] com.zaxxer.hikari.pool.HikariPool        : HikariPool-1 - Added connection com.mysql.cj.jdbc.ConnectionImpl@19d53ab4
2026-06-10T00:25:12.247-05:00  INFO 21580 --- [backend] [main] com.zaxxer.hikari.HikariDataSource       : HikariPool-1 - Start completed.
2026-06-10T00:25:12.436-05:00  INFO 21580 --- [backend] [main] org.hibernate.orm.jpa                    : HHH008540: Processing PersistenceUnitInfo [name: default]
2026-06-10T00:25:12.504-05:00  INFO 21580 --- [backend] [main] org.hibernate.orm.core                   : HHH000001: Hibernate ORM core version 7.2.7.Final
2026-06-10T00:25:12.638-05:00  INFO 9820 --- [backend] [main] com.zaxxer.hikari.pool.HikariPool        : HikariPool-1 - Added connection com.mysql.cj.jdbc.ConnectionImpl@7d401cdc
2026-06-10T00:25:12.641-05:00  INFO 9820 --- [backend] [main] com.zaxxer.hikari.HikariDataSource       : HikariPool-1 - Start completed.
2026-06-10T00:25:12.787-05:00  INFO 9820 --- [backend] [main] org.hibernate.orm.jpa                    : HHH008540: Processing PersistenceUnitInfo [name: default]
2026-06-10T00:25:12.845-05:00  INFO 9820 --- [backend] [main] org.hibernate.orm.core                   : HHH000001: Hibernate ORM core version 7.2.7.Final
2026-06-10T00:25:13.139-05:00  INFO 21580 --- [backend] [main] o.s.o.j.p.SpringPersistenceUnitInfo      : No LoadTimeWeaver setup: ignoring JPA class transformer
2026-06-10T00:25:13.270-05:00  INFO 21580 --- [backend] [main] org.hibernate.orm.connections.pooling    : HHH10001005: Database info:
	Database JDBC URL [jdbc:mysql://localhost:3306/ceramic_store_db?createDatabaseIfNotExist=true]
	Database driver: MySQL Connector/J
	Database dialect: MySQLDialect
	Database version: 8.0.42
	Default catalog/schema: ceramic_store_db/undefined
	Autocommit mode: undefined/unknown
	Isolation level: REPEATABLE_READ [default REPEATABLE_READ]
	JDBC fetch size: none
	Pool: DataSourceConnectionProvider
	Minimum pool size: undefined/unknown
	Maximum pool size: undefined/unknown
2026-06-10T00:25:13.342-05:00  INFO 9820 --- [backend] [main] o.s.o.j.p.SpringPersistenceUnitInfo      : No LoadTimeWeaver setup: ignoring JPA class transformer
2026-06-10T00:25:13.424-05:00  INFO 9820 --- [backend] [main] org.hibernate.orm.connections.pooling    : HHH10001005: Database info:
	Database JDBC URL [jdbc:mysql://localhost:3306/ceramic_store_db?createDatabaseIfNotExist=true]
	Database driver: MySQL Connector/J
	Database dialect: MySQLDialect
	Database version: 8.0.42
	Default catalog/schema: ceramic_store_db/undefined
	Autocommit mode: undefined/unknown
	Isolation level: REPEATABLE_READ [default REPEATABLE_READ]
	JDBC fetch size: none
	Pool: DataSourceConnectionProvider
	Minimum pool size: undefined/unknown
	Maximum pool size: undefined/unknown
2026-06-10T00:25:14.278-05:00  INFO 21580 --- [backend] [main] org.hibernate.orm.core                   : HHH000489: No JTA platform available (set 'hibernate.transaction.jta.platform' to enable JTA platform integration)
2026-06-10T00:25:14.278-05:00  INFO 9820 --- [backend] [main] org.hibernate.orm.core                   : HHH000489: No JTA platform available (set 'hibernate.transaction.jta.platform' to enable JTA platform integration)
2026-06-10T00:25:14.353-05:00  INFO 9820 --- [backend] [main] j.LocalContainerEntityManagerFactoryBean : Initialized JPA EntityManagerFactory for persistence unit 'default'
2026-06-10T00:25:14.354-05:00  INFO 21580 --- [backend] [main] j.LocalContainerEntityManagerFactoryBean : Initialized JPA EntityManagerFactory for persistence unit 'default'
2026-06-10T00:25:14.438-05:00  INFO 9820 --- [backend] [main] o.s.d.j.r.query.QueryEnhancerFactories   : Hibernate is in classpath; If applicable, HQL parser will be used.
2026-06-10T00:25:14.438-05:00  INFO 21580 --- [backend] [main] o.s.d.j.r.query.QueryEnhancerFactories   : Hibernate is in classpath; If applicable, HQL parser will be used.
2026-06-10T00:25:14.709-05:00 DEBUG 9820 --- [backend] [main] c.e.b.config.JwtAuthenticationFilter     : Filter 'jwtAuthenticationFilter' configured for use
2026-06-10T00:25:14.715-05:00 DEBUG 21580 --- [backend] [main] c.e.b.config.JwtAuthenticationFilter     : Filter 'jwtAuthenticationFilter' configured for use
2026-06-10T00:25:15.542-05:00  INFO 9820 --- [backend] [main] eAuthenticationProviderManagerConfigurer : Global AuthenticationManager configured with AuthenticationProvider bean with name authenticationProvider
2026-06-10T00:25:15.543-05:00  WARN 9820 --- [backend] [main] r$InitializeUserDetailsManagerConfigurer : Global AuthenticationManager configured with an AuthenticationProvider bean. UserDetailsService beans will not be used by Spring Security for automatically configuring username/password login. Consider removing the AuthenticationProvider bean. Alternatively, consider using the UserDetailsService in a manually instantiated DaoAuthenticationProvider. If the current configuration is intentional, to turn off this warning, increase the logging level of 'org.springframework.security.config.annotation.authentication.configuration.InitializeUserDetailsBeanManagerConfigurer' to ERROR
2026-06-10T00:25:15.616-05:00  INFO 21580 --- [backend] [main] eAuthenticationProviderManagerConfigurer : Global AuthenticationManager configured with AuthenticationProvider bean with name authenticationProvider
2026-06-10T00:25:15.617-05:00  WARN 21580 --- [backend] [main] r$InitializeUserDetailsManagerConfigurer : Global AuthenticationManager configured with an AuthenticationProvider bean. UserDetailsService beans will not be used by Spring Security for automatically configuring username/password login. Consider removing the AuthenticationProvider bean. Alternatively, consider using the UserDetailsService in a manually instantiated DaoAuthenticationProvider. If the current configuration is intentional, to turn off this warning, increase the logging level of 'org.springframework.security.config.annotation.authentication.configuration.InitializeUserDetailsBeanManagerConfigurer' to ERROR
2026-06-10T00:25:15.708-05:00  WARN 9820 --- [backend] [main] JpaBaseConfiguration$JpaWebConfiguration : spring.jpa.open-in-view is enabled by default. Therefore, database queries may be performed during view rendering. Explicitly configure spring.jpa.open-in-view to disable this warning
2026-06-10T00:25:15.732-05:00  WARN 21580 --- [backend] [main] JpaBaseConfiguration$JpaWebConfiguration : spring.jpa.open-in-view is enabled by default. Therefore, database queries may be performed during view rendering. Explicitly configure spring.jpa.open-in-view to disable this warning
2026-06-10T00:25:16.534-05:00  INFO 9820 --- [backend] [main] o.s.boot.tomcat.TomcatWebServer          : Tomcat started on port 8080 (http) with context path '/'
2026-06-10T00:25:16.535-05:00  WARN 21580 --- [backend] [main] ConfigServletWebServerApplicationContext : Exception encountered during context initialization - cancelling refresh attempt: org.springframework.context.ApplicationContextException: Failed to start bean 'webServerStartStop'
2026-06-10T00:25:16.537-05:00  INFO 21580 --- [backend] [main] j.LocalContainerEntityManagerFactoryBean : Closing JPA EntityManagerFactory for persistence unit 'default'
2026-06-10T00:25:16.539-05:00  INFO 21580 --- [backend] [main] com.zaxxer.hikari.HikariDataSource       : HikariPool-1 - Shutdown initiated...
2026-06-10T00:25:16.541-05:00  INFO 9820 --- [backend] [main] com.example.backend.BackendApplication   : Started BackendApplication in 7.54 seconds (process running for 8.648)
2026-06-10T00:25:16.550-05:00  INFO 21580 --- [backend] [main] com.zaxxer.hikari.HikariDataSource       : HikariPool-1 - Shutdown completed.
2026-06-10T00:25:16.559-05:00  INFO 21580 --- [backend] [main] .s.b.a.l.ConditionEvaluationReportLogger : 

Error starting ApplicationContext. To display the condition evaluation report re-run your application with 'debug' enabled.
2026-06-10T00:25:16.571-05:00 ERROR 21580 --- [backend] [main] o.s.b.d.LoggingFailureAnalysisReporter   : 

***************************
APPLICATION FAILED TO START
***************************

Description:

Web server failed to start. Port 8080 was already in use.

Action:

Identify and stop the process that's listening on port 8080 or configure this application to listen on another port.

2026-06-10T00:25:37.176-05:00  INFO 9820 --- [backend] [http-nio-8080-exec-2] o.a.c.c.C.[Tomcat].[localhost].[/]       : Initializing Spring DispatcherServlet 'dispatcherServlet'
2026-06-10T00:25:37.177-05:00  INFO 9820 --- [backend] [http-nio-8080-exec-2] o.s.web.servlet.DispatcherServlet        : Initializing Servlet 'dispatcherServlet'
2026-06-10T00:25:37.178-05:00  INFO 9820 --- [backend] [http-nio-8080-exec-2] o.s.web.servlet.DispatcherServlet        : Completed initialization in 1 ms
2026-06-10T00:26:25.699-05:00  INFO 9820 --- [backend] [SpringApplicationShutdownHook] o.s.boot.tomcat.GracefulShutdown         : Commencing graceful shutdown. Waiting for active requests to complete
2026-06-10T00:26:25.702-05:00  INFO 9820 --- [backend] [tomcat-shutdown] o.s.boot.tomcat.GracefulShutdown         : Graceful shutdown complete
2026-06-10T00:26:25.705-05:00  INFO 9820 --- [backend] [SpringApplicationShutdownHook] j.LocalContainerEntityManagerFactoryBean : Closing JPA EntityManagerFactory for persistence unit 'default'
2026-06-10T00:26:25.707-05:00  INFO 9820 --- [backend] [SpringApplicationShutdownHook] com.zaxxer.hikari.HikariDataSource       : HikariPool-1 - Shutdown initiated...
2026-06-10T00:26:25.711-05:00  INFO 9820 --- [backend] [SpringApplicationShutdownHook] com.zaxxer.hikari.HikariDataSource       : HikariPool-1 - Shutdown completed.
2026-06-10T00:30:06.703-05:00  INFO 17112 --- [backend] [main] com.example.backend.BackendApplication   : Starting BackendApplication using Java 25.0.3 with PID 17112 (D:\Itzair\UNIVERSIDAD UTP\CICLO VII\PROYECTO CERAMICA FINAL\proyecto_ceramica-main(1)\proyecto_ceramica-main\backend\target\classes started by P in D:\Itzair\UNIVERSIDAD UTP\CICLO VII\PROYECTO CERAMICA FINAL\proyecto_ceramica-main(1)\proyecto_ceramica-main)
2026-06-10T00:30:06.706-05:00 DEBUG 17112 --- [backend] [main] com.example.backend.BackendApplication   : Running with Spring Boot v4.0.5, Spring v7.0.6
2026-06-10T00:30:06.707-05:00  INFO 17112 --- [backend] [main] com.example.backend.BackendApplication   : No active profile set, falling back to 1 default profile: "default"
2026-06-10T00:30:07.736-05:00  INFO 17112 --- [backend] [main] .s.d.r.c.RepositoryConfigurationDelegate : Bootstrapping Spring Data JPA repositories in DEFAULT mode.
2026-06-10T00:30:07.799-05:00  INFO 17112 --- [backend] [main] .s.d.r.c.RepositoryConfigurationDelegate : Finished Spring Data repository scanning in 55 ms. Found 9 JPA repository interfaces.
2026-06-10T00:30:08.418-05:00  INFO 17112 --- [backend] [main] o.s.boot.tomcat.TomcatWebServer          : Tomcat initialized with port 8080 (http)
2026-06-10T00:30:08.435-05:00  INFO 17112 --- [backend] [main] o.apache.catalina.core.StandardService   : Starting service [Tomcat]
2026-06-10T00:30:08.436-05:00  INFO 17112 --- [backend] [main] o.apache.catalina.core.StandardEngine    : Starting Servlet engine: [Apache Tomcat/11.0.20]
2026-06-10T00:30:08.505-05:00  INFO 17112 --- [backend] [main] b.w.c.s.WebApplicationContextInitializer : Root WebApplicationContext: initialization completed in 1735 ms
2026-06-10T00:30:08.691-05:00  INFO 17112 --- [backend] [main] com.zaxxer.hikari.HikariDataSource       : HikariPool-1 - Starting...
2026-06-10T00:30:09.681-05:00  INFO 17112 --- [backend] [main] com.zaxxer.hikari.pool.HikariPool        : HikariPool-1 - Added connection com.mysql.cj.jdbc.ConnectionImpl@79f5a6ed
2026-06-10T00:30:09.683-05:00  INFO 17112 --- [backend] [main] com.zaxxer.hikari.HikariDataSource       : HikariPool-1 - Start completed.
2026-06-10T00:30:09.820-05:00  INFO 17112 --- [backend] [main] org.hibernate.orm.jpa                    : HHH008540: Processing PersistenceUnitInfo [name: default]
2026-06-10T00:30:09.883-05:00  INFO 17112 --- [backend] [main] org.hibernate.orm.core                   : HHH000001: Hibernate ORM core version 7.2.7.Final
2026-06-10T00:30:10.312-05:00  INFO 17112 --- [backend] [main] o.s.o.j.p.SpringPersistenceUnitInfo      : No LoadTimeWeaver setup: ignoring JPA class transformer
2026-06-10T00:30:10.406-05:00  INFO 17112 --- [backend] [main] org.hibernate.orm.connections.pooling    : HHH10001005: Database info:
	Database JDBC URL [jdbc:mysql://localhost:3306/ceramic_store_db?createDatabaseIfNotExist=true]
	Database driver: MySQL Connector/J
	Database dialect: MySQLDialect
	Database version: 8.0.42
	Default catalog/schema: ceramic_store_db/undefined
	Autocommit mode: undefined/unknown
	Isolation level: REPEATABLE_READ [default REPEATABLE_READ]
	JDBC fetch size: none
	Pool: DataSourceConnectionProvider
	Minimum pool size: undefined/unknown
	Maximum pool size: undefined/unknown
2026-06-10T00:30:11.684-05:00  INFO 17112 --- [backend] [main] org.hibernate.orm.core                   : HHH000489: No JTA platform available (set 'hibernate.transaction.jta.platform' to enable JTA platform integration)
2026-06-10T00:30:11.749-05:00  INFO 17112 --- [backend] [main] j.LocalContainerEntityManagerFactoryBean : Initialized JPA EntityManagerFactory for persistence unit 'default'
2026-06-10T00:30:11.801-05:00  INFO 17112 --- [backend] [main] o.s.d.j.r.query.QueryEnhancerFactories   : Hibernate is in classpath; If applicable, HQL parser will be used.
2026-06-10T00:30:11.978-05:00 DEBUG 17112 --- [backend] [main] c.e.b.config.JwtAuthenticationFilter     : Filter 'jwtAuthenticationFilter' configured for use
2026-06-10T00:30:13.008-05:00  INFO 17112 --- [backend] [main] eAuthenticationProviderManagerConfigurer : Global AuthenticationManager configured with AuthenticationProvider bean with name authenticationProvider
2026-06-10T00:30:13.008-05:00  WARN 17112 --- [backend] [main] r$InitializeUserDetailsManagerConfigurer : Global AuthenticationManager configured with an AuthenticationProvider bean. UserDetailsService beans will not be used by Spring Security for automatically configuring username/password login. Consider removing the AuthenticationProvider bean. Alternatively, consider using the UserDetailsService in a manually instantiated DaoAuthenticationProvider. If the current configuration is intentional, to turn off this warning, increase the logging level of 'org.springframework.security.config.annotation.authentication.configuration.InitializeUserDetailsBeanManagerConfigurer' to ERROR
2026-06-10T00:30:13.066-05:00  WARN 17112 --- [backend] [main] JpaBaseConfiguration$JpaWebConfiguration : spring.jpa.open-in-view is enabled by default. Therefore, database queries may be performed during view rendering. Explicitly configure spring.jpa.open-in-view to disable this warning
2026-06-10T00:30:13.483-05:00  INFO 17112 --- [backend] [main] o.s.boot.tomcat.TomcatWebServer          : Tomcat started on port 8080 (http) with context path '/'
2026-06-10T00:30:13.488-05:00  INFO 17112 --- [backend] [main] com.example.backend.BackendApplication   : Started BackendApplication in 7.286 seconds (process running for 7.697)
2026-06-10T00:30:43.286-05:00  INFO 17112 --- [backend] [http-nio-8080-exec-2] o.a.c.c.C.[Tomcat].[localhost].[/]       : Initializing Spring DispatcherServlet 'dispatcherServlet'
2026-06-10T00:30:43.287-05:00  INFO 17112 --- [backend] [http-nio-8080-exec-2] o.s.web.servlet.DispatcherServlet        : Initializing Servlet 'dispatcherServlet'
2026-06-10T00:30:43.290-05:00  INFO 17112 --- [backend] [http-nio-8080-exec-2] o.s.web.servlet.DispatcherServlet        : Completed initialization in 3 ms
2026-06-10T00:50:14.984-05:00  INFO 17112 --- [backend] [SpringApplicationShutdownHook] o.s.boot.tomcat.GracefulShutdown         : Commencing graceful shutdown. Waiting for active requests to complete
2026-06-10T00:50:14.988-05:00  INFO 17112 --- [backend] [tomcat-shutdown] o.s.boot.tomcat.GracefulShutdown         : Graceful shutdown complete
2026-06-10T00:50:14.991-05:00  INFO 17112 --- [backend] [SpringApplicationShutdownHook] j.LocalContainerEntityManagerFactoryBean : Closing JPA EntityManagerFactory for persistence unit 'default'
2026-06-10T00:50:14.992-05:00  INFO 17112 --- [backend] [SpringApplicationShutdownHook] com.zaxxer.hikari.HikariDataSource       : HikariPool-1 - Shutdown initiated...
2026-06-10T00:50:14.996-05:00  INFO 17112 --- [backend] [SpringApplicationShutdownHook] com.zaxxer.hikari.HikariDataSource       : HikariPool-1 - Shutdown completed.
2026-06-10T00:50:18.356-05:00  INFO 4440 --- [backend] [main] com.example.backend.BackendApplication   : Starting BackendApplication using Java 25.0.3 with PID 4440 (D:\Itzair\UNIVERSIDAD UTP\CICLO VII\PROYECTO CERAMICA FINAL\proyecto_ceramica-main(1)\proyecto_ceramica-main\backend\target\classes started by P in D:\Itzair\UNIVERSIDAD UTP\CICLO VII\PROYECTO CERAMICA FINAL\proyecto_ceramica-main(1)\proyecto_ceramica-main)
2026-06-10T00:50:18.359-05:00 DEBUG 4440 --- [backend] [main] com.example.backend.BackendApplication   : Running with Spring Boot v4.0.5, Spring v7.0.6
2026-06-10T00:50:18.360-05:00  INFO 4440 --- [backend] [main] com.example.backend.BackendApplication   : No active profile set, falling back to 1 default profile: "default"
2026-06-10T00:50:19.508-05:00  INFO 4440 --- [backend] [main] .s.d.r.c.RepositoryConfigurationDelegate : Bootstrapping Spring Data JPA repositories in DEFAULT mode.
2026-06-10T00:50:19.563-05:00  INFO 4440 --- [backend] [main] .s.d.r.c.RepositoryConfigurationDelegate : Finished Spring Data repository scanning in 46 ms. Found 9 JPA repository interfaces.
2026-06-10T00:50:20.090-05:00  INFO 4440 --- [backend] [main] o.s.boot.tomcat.TomcatWebServer          : Tomcat initialized with port 8080 (http)
2026-06-10T00:50:20.101-05:00  INFO 4440 --- [backend] [main] o.apache.catalina.core.StandardService   : Starting service [Tomcat]
2026-06-10T00:50:20.102-05:00  INFO 4440 --- [backend] [main] o.apache.catalina.core.StandardEngine    : Starting Servlet engine: [Apache Tomcat/11.0.20]
2026-06-10T00:50:20.144-05:00  INFO 4440 --- [backend] [main] b.w.c.s.WebApplicationContextInitializer : Root WebApplicationContext: initialization completed in 1714 ms
2026-06-10T00:50:20.194-05:00  INFO 4440 --- [backend] [main] com.zaxxer.hikari.HikariDataSource       : HikariPool-1 - Starting...
2026-06-10T00:50:20.552-05:00  INFO 4440 --- [backend] [main] com.zaxxer.hikari.pool.HikariPool        : HikariPool-1 - Added connection com.mysql.cj.jdbc.ConnectionImpl@79f5a6ed
2026-06-10T00:50:20.553-05:00  INFO 4440 --- [backend] [main] com.zaxxer.hikari.HikariDataSource       : HikariPool-1 - Start completed.
2026-06-10T00:50:20.631-05:00  INFO 4440 --- [backend] [main] org.hibernate.orm.jpa                    : HHH008540: Processing PersistenceUnitInfo [name: default]
2026-06-10T00:50:20.681-05:00  INFO 4440 --- [backend] [main] org.hibernate.orm.core                   : HHH000001: Hibernate ORM core version 7.2.7.Final
2026-06-10T00:50:21.040-05:00  INFO 4440 --- [backend] [main] o.s.o.j.p.SpringPersistenceUnitInfo      : No LoadTimeWeaver setup: ignoring JPA class transformer
2026-06-10T00:50:21.111-05:00  INFO 4440 --- [backend] [main] org.hibernate.orm.connections.pooling    : HHH10001005: Database info:
	Database JDBC URL [jdbc:mysql://localhost:3306/ceramic_store_db?createDatabaseIfNotExist=true]
	Database driver: MySQL Connector/J
	Database dialect: MySQLDialect
	Database version: 8.0.42
	Default catalog/schema: ceramic_store_db/undefined
	Autocommit mode: undefined/unknown
	Isolation level: REPEATABLE_READ [default REPEATABLE_READ]
	JDBC fetch size: none
	Pool: DataSourceConnectionProvider
	Minimum pool size: undefined/unknown
	Maximum pool size: undefined/unknown
2026-06-10T00:50:21.879-05:00  INFO 4440 --- [backend] [main] org.hibernate.orm.core                   : HHH000489: No JTA platform available (set 'hibernate.transaction.jta.platform' to enable JTA platform integration)
2026-06-10T00:50:21.929-05:00  INFO 4440 --- [backend] [main] j.LocalContainerEntityManagerFactoryBean : Initialized JPA EntityManagerFactory for persistence unit 'default'
2026-06-10T00:50:21.966-05:00  INFO 4440 --- [backend] [main] o.s.d.j.r.query.QueryEnhancerFactories   : Hibernate is in classpath; If applicable, HQL parser will be used.
2026-06-10T00:50:22.113-05:00 DEBUG 4440 --- [backend] [main] c.e.b.config.JwtAuthenticationFilter     : Filter 'jwtAuthenticationFilter' configured for use
2026-06-10T00:50:22.655-05:00  INFO 4440 --- [backend] [main] eAuthenticationProviderManagerConfigurer : Global AuthenticationManager configured with AuthenticationProvider bean with name authenticationProvider
2026-06-10T00:50:22.655-05:00  WARN 4440 --- [backend] [main] r$InitializeUserDetailsManagerConfigurer : Global AuthenticationManager configured with an AuthenticationProvider bean. UserDetailsService beans will not be used by Spring Security for automatically configuring username/password login. Consider removing the AuthenticationProvider bean. Alternatively, consider using the UserDetailsService in a manually instantiated DaoAuthenticationProvider. If the current configuration is intentional, to turn off this warning, increase the logging level of 'org.springframework.security.config.annotation.authentication.configuration.InitializeUserDetailsBeanManagerConfigurer' to ERROR
2026-06-10T00:50:22.714-05:00  WARN 4440 --- [backend] [main] JpaBaseConfiguration$JpaWebConfiguration : spring.jpa.open-in-view is enabled by default. Therefore, database queries may be performed during view rendering. Explicitly configure spring.jpa.open-in-view to disable this warning
2026-06-10T00:50:23.098-05:00  INFO 4440 --- [backend] [main] o.s.boot.tomcat.TomcatWebServer          : Tomcat started on port 8080 (http) with context path '/'
2026-06-10T00:50:23.104-05:00  INFO 4440 --- [backend] [main] com.example.backend.BackendApplication   : Started BackendApplication in 5.117 seconds (process running for 5.52)
2026-06-10T00:51:35.534-05:00  INFO 4440 --- [backend] [http-nio-8080-exec-5] o.a.c.c.C.[Tomcat].[localhost].[/]       : Initializing Spring DispatcherServlet 'dispatcherServlet'
2026-06-10T00:51:35.534-05:00  INFO 4440 --- [backend] [http-nio-8080-exec-5] o.s.web.servlet.DispatcherServlet        : Initializing Servlet 'dispatcherServlet'
2026-06-10T00:51:35.537-05:00  INFO 4440 --- [backend] [http-nio-8080-exec-5] o.s.web.servlet.DispatcherServlet        : Completed initialization in 2 ms
2026-06-10T00:57:28.302-05:00  INFO 4440 --- [backend] [SpringApplicationShutdownHook] o.s.boot.tomcat.GracefulShutdown         : Commencing graceful shutdown. Waiting for active requests to complete
2026-06-10T00:57:28.305-05:00  INFO 4440 --- [backend] [tomcat-shutdown] o.s.boot.tomcat.GracefulShutdown         : Graceful shutdown complete
2026-06-10T00:57:28.308-05:00  INFO 4440 --- [backend] [SpringApplicationShutdownHook] j.LocalContainerEntityManagerFactoryBean : Closing JPA EntityManagerFactory for persistence unit 'default'
2026-06-10T00:57:28.310-05:00  INFO 4440 --- [backend] [SpringApplicationShutdownHook] com.zaxxer.hikari.HikariDataSource       : HikariPool-1 - Shutdown initiated...
2026-06-10T00:57:28.314-05:00  INFO 4440 --- [backend] [SpringApplicationShutdownHook] com.zaxxer.hikari.HikariDataSource       : HikariPool-1 - Shutdown completed.
2026-06-10T00:57:54.753-05:00  INFO 9432 --- [backend] [main] com.example.backend.BackendApplication   : Starting BackendApplication using Java 25.0.3 with PID 9432 (D:\Itzair\UNIVERSIDAD UTP\CICLO VII\PROYECTO CERAMICA FINAL\proyecto_ceramica-main(1)\proyecto_ceramica-main\backend\target\classes started by P in D:\Itzair\UNIVERSIDAD UTP\CICLO VII\PROYECTO CERAMICA FINAL\proyecto_ceramica-main(1)\proyecto_ceramica-main)
2026-06-10T00:57:54.755-05:00 DEBUG 9432 --- [backend] [main] com.example.backend.BackendApplication   : Running with Spring Boot v4.0.5, Spring v7.0.6
2026-06-10T00:57:54.756-05:00  INFO 9432 --- [backend] [main] com.example.backend.BackendApplication   : No active profile set, falling back to 1 default profile: "default"
2026-06-10T00:57:55.291-05:00  INFO 9432 --- [backend] [main] .s.d.r.c.RepositoryConfigurationDelegate : Bootstrapping Spring Data JPA repositories in DEFAULT mode.
2026-06-10T00:57:55.342-05:00  INFO 9432 --- [backend] [main] .s.d.r.c.RepositoryConfigurationDelegate : Finished Spring Data repository scanning in 45 ms. Found 9 JPA repository interfaces.
2026-06-10T00:57:55.704-05:00  INFO 9432 --- [backend] [main] o.s.boot.tomcat.TomcatWebServer          : Tomcat initialized with port 8080 (http)
2026-06-10T00:57:55.715-05:00  INFO 9432 --- [backend] [main] o.apache.catalina.core.StandardService   : Starting service [Tomcat]
2026-06-10T00:57:55.715-05:00  INFO 9432 --- [backend] [main] o.apache.catalina.core.StandardEngine    : Starting Servlet engine: [Apache Tomcat/11.0.20]
2026-06-10T00:57:55.756-05:00  INFO 9432 --- [backend] [main] b.w.c.s.WebApplicationContextInitializer : Root WebApplicationContext: initialization completed in 958 ms
2026-06-10T00:57:55.799-05:00  INFO 9432 --- [backend] [main] com.zaxxer.hikari.HikariDataSource       : HikariPool-1 - Starting...
2026-06-10T00:57:56.086-05:00  INFO 9432 --- [backend] [main] com.zaxxer.hikari.pool.HikariPool        : HikariPool-1 - Added connection com.mysql.cj.jdbc.ConnectionImpl@7d401cdc
2026-06-10T00:57:56.087-05:00  INFO 9432 --- [backend] [main] com.zaxxer.hikari.HikariDataSource       : HikariPool-1 - Start completed.
2026-06-10T00:57:56.171-05:00  INFO 9432 --- [backend] [main] org.hibernate.orm.jpa                    : HHH008540: Processing PersistenceUnitInfo [name: default]
2026-06-10T00:57:56.215-05:00  INFO 9432 --- [backend] [main] org.hibernate.orm.core                   : HHH000001: Hibernate ORM core version 7.2.7.Final
2026-06-10T00:57:56.522-05:00  INFO 9432 --- [backend] [main] o.s.o.j.p.SpringPersistenceUnitInfo      : No LoadTimeWeaver setup: ignoring JPA class transformer
2026-06-10T00:57:56.595-05:00  INFO 9432 --- [backend] [main] org.hibernate.orm.connections.pooling    : HHH10001005: Database info:
	Database JDBC URL [jdbc:mysql://localhost:3306/ceramic_store_db?createDatabaseIfNotExist=true]
	Database driver: MySQL Connector/J
	Database dialect: MySQLDialect
	Database version: 8.0.42
	Default catalog/schema: ceramic_store_db/undefined
	Autocommit mode: undefined/unknown
	Isolation level: REPEATABLE_READ [default REPEATABLE_READ]
	JDBC fetch size: none
	Pool: DataSourceConnectionProvider
	Minimum pool size: undefined/unknown
	Maximum pool size: undefined/unknown
2026-06-10T00:57:57.313-05:00  INFO 9432 --- [backend] [main] org.hibernate.orm.core                   : HHH000489: No JTA platform available (set 'hibernate.transaction.jta.platform' to enable JTA platform integration)
2026-06-10T00:57:57.363-05:00  INFO 9432 --- [backend] [main] j.LocalContainerEntityManagerFactoryBean : Initialized JPA EntityManagerFactory for persistence unit 'default'
2026-06-10T00:57:57.398-05:00  INFO 9432 --- [backend] [main] o.s.d.j.r.query.QueryEnhancerFactories   : Hibernate is in classpath; If applicable, HQL parser will be used.
2026-06-10T00:57:57.528-05:00 DEBUG 9432 --- [backend] [main] c.e.b.config.JwtAuthenticationFilter     : Filter 'jwtAuthenticationFilter' configured for use
2026-06-10T00:57:58.037-05:00  INFO 9432 --- [backend] [main] eAuthenticationProviderManagerConfigurer : Global AuthenticationManager configured with AuthenticationProvider bean with name authenticationProvider
2026-06-10T00:57:58.038-05:00  WARN 9432 --- [backend] [main] r$InitializeUserDetailsManagerConfigurer : Global AuthenticationManager configured with an AuthenticationProvider bean. UserDetailsService beans will not be used by Spring Security for automatically configuring username/password login. Consider removing the AuthenticationProvider bean. Alternatively, consider using the UserDetailsService in a manually instantiated DaoAuthenticationProvider. If the current configuration is intentional, to turn off this warning, increase the logging level of 'org.springframework.security.config.annotation.authentication.configuration.InitializeUserDetailsBeanManagerConfigurer' to ERROR
2026-06-10T00:57:58.087-05:00  WARN 9432 --- [backend] [main] JpaBaseConfiguration$JpaWebConfiguration : spring.jpa.open-in-view is enabled by default. Therefore, database queries may be performed during view rendering. Explicitly configure spring.jpa.open-in-view to disable this warning
2026-06-10T00:57:58.467-05:00  INFO 9432 --- [backend] [main] o.s.boot.tomcat.TomcatWebServer          : Tomcat started on port 8080 (http) with context path '/'
2026-06-10T00:57:58.472-05:00  INFO 9432 --- [backend] [main] com.example.backend.BackendApplication   : Started BackendApplication in 4.05 seconds (process running for 4.375)
2026-06-10T00:58:00.936-05:00  INFO 9432 --- [backend] [http-nio-8080-exec-9] o.a.c.c.C.[Tomcat].[localhost].[/]       : Initializing Spring DispatcherServlet 'dispatcherServlet'
2026-06-10T00:58:00.937-05:00  INFO 9432 --- [backend] [http-nio-8080-exec-9] o.s.web.servlet.DispatcherServlet        : Initializing Servlet 'dispatcherServlet'
2026-06-10T00:58:00.938-05:00  INFO 9432 --- [backend] [http-nio-8080-exec-9] o.s.web.servlet.DispatcherServlet        : Completed initialization in 1 ms
2026-06-10T01:00:31.544-05:00  INFO 9432 --- [backend] [SpringApplicationShutdownHook] o.s.boot.tomcat.GracefulShutdown         : Commencing graceful shutdown. Waiting for active requests to complete
2026-06-10T01:00:31.547-05:00  INFO 9432 --- [backend] [tomcat-shutdown] o.s.boot.tomcat.GracefulShutdown         : Graceful shutdown complete
2026-06-10T01:00:31.550-05:00  INFO 9432 --- [backend] [SpringApplicationShutdownHook] j.LocalContainerEntityManagerFactoryBean : Closing JPA EntityManagerFactory for persistence unit 'default'
2026-06-10T01:00:31.552-05:00  INFO 9432 --- [backend] [SpringApplicationShutdownHook] com.zaxxer.hikari.HikariDataSource       : HikariPool-1 - Shutdown initiated...
2026-06-10T01:00:31.556-05:00  INFO 9432 --- [backend] [SpringApplicationShutdownHook] com.zaxxer.hikari.HikariDataSource       : HikariPool-1 - Shutdown completed.
2026-06-10T01:00:36.686-05:00  INFO 20972 --- [backend] [main] com.example.backend.BackendApplication   : Starting BackendApplication using Java 25.0.3 with PID 20972 (D:\Itzair\UNIVERSIDAD UTP\CICLO VII\PROYECTO CERAMICA FINAL\proyecto_ceramica-main(1)\proyecto_ceramica-main\backend\target\classes started by P in D:\Itzair\UNIVERSIDAD UTP\CICLO VII\PROYECTO CERAMICA FINAL\proyecto_ceramica-main(1)\proyecto_ceramica-main)
2026-06-10T01:00:36.689-05:00 DEBUG 20972 --- [backend] [main] com.example.backend.BackendApplication   : Running with Spring Boot v4.0.5, Spring v7.0.6
2026-06-10T01:00:36.690-05:00  INFO 20972 --- [backend] [main] com.example.backend.BackendApplication   : No active profile set, falling back to 1 default profile: "default"
2026-06-10T01:00:37.550-05:00  INFO 20972 --- [backend] [main] .s.d.r.c.RepositoryConfigurationDelegate : Bootstrapping Spring Data JPA repositories in DEFAULT mode.
2026-06-10T01:00:37.610-05:00  INFO 20972 --- [backend] [main] .s.d.r.c.RepositoryConfigurationDelegate : Finished Spring Data repository scanning in 53 ms. Found 9 JPA repository interfaces.
2026-06-10T01:00:38.146-05:00  INFO 20972 --- [backend] [main] o.s.boot.tomcat.TomcatWebServer          : Tomcat initialized with port 8080 (http)
2026-06-10T01:00:38.157-05:00  INFO 20972 --- [backend] [main] o.apache.catalina.core.StandardService   : Starting service [Tomcat]
2026-06-10T01:00:38.157-05:00  INFO 20972 --- [backend] [main] o.apache.catalina.core.StandardEngine    : Starting Servlet engine: [Apache Tomcat/11.0.20]
2026-06-10T01:00:38.204-05:00  INFO 20972 --- [backend] [main] b.w.c.s.WebApplicationContextInitializer : Root WebApplicationContext: initialization completed in 1473 ms
2026-06-10T01:00:38.259-05:00  INFO 20972 --- [backend] [main] com.zaxxer.hikari.HikariDataSource       : HikariPool-1 - Starting...
2026-06-10T01:00:38.567-05:00  INFO 20972 --- [backend] [main] com.zaxxer.hikari.pool.HikariPool        : HikariPool-1 - Added connection com.mysql.cj.jdbc.ConnectionImpl@120350eb
2026-06-10T01:00:38.568-05:00  INFO 20972 --- [backend] [main] com.zaxxer.hikari.HikariDataSource       : HikariPool-1 - Start completed.
2026-06-10T01:00:38.647-05:00  INFO 20972 --- [backend] [main] org.hibernate.orm.jpa                    : HHH008540: Processing PersistenceUnitInfo [name: default]
2026-06-10T01:00:38.688-05:00  INFO 20972 --- [backend] [main] org.hibernate.orm.core                   : HHH000001: Hibernate ORM core version 7.2.7.Final
2026-06-10T01:00:39.063-05:00  INFO 20972 --- [backend] [main] o.s.o.j.p.SpringPersistenceUnitInfo      : No LoadTimeWeaver setup: ignoring JPA class transformer
2026-06-10T01:00:39.138-05:00  INFO 20972 --- [backend] [main] org.hibernate.orm.connections.pooling    : HHH10001005: Database info:
	Database JDBC URL [jdbc:mysql://localhost:3306/ceramic_store_db?createDatabaseIfNotExist=true]
	Database driver: MySQL Connector/J
	Database dialect: MySQLDialect
	Database version: 8.0.42
	Default catalog/schema: ceramic_store_db/undefined
	Autocommit mode: undefined/unknown
	Isolation level: REPEATABLE_READ [default REPEATABLE_READ]
	JDBC fetch size: none
	Pool: DataSourceConnectionProvider
	Minimum pool size: undefined/unknown
	Maximum pool size: undefined/unknown
2026-06-10T01:00:39.850-05:00  INFO 20972 --- [backend] [main] org.hibernate.orm.core                   : HHH000489: No JTA platform available (set 'hibernate.transaction.jta.platform' to enable JTA platform integration)
2026-06-10T01:00:39.901-05:00  INFO 20972 --- [backend] [main] j.LocalContainerEntityManagerFactoryBean : Initialized JPA EntityManagerFactory for persistence unit 'default'
2026-06-10T01:00:39.942-05:00  INFO 20972 --- [backend] [main] o.s.d.j.r.query.QueryEnhancerFactories   : Hibernate is in classpath; If applicable, HQL parser will be used.
2026-06-10T01:00:40.113-05:00 DEBUG 20972 --- [backend] [main] c.e.b.config.JwtAuthenticationFilter     : Filter 'jwtAuthenticationFilter' configured for use
2026-06-10T01:00:40.581-05:00  INFO 20972 --- [backend] [main] eAuthenticationProviderManagerConfigurer : Global AuthenticationManager configured with AuthenticationProvider bean with name authenticationProvider
2026-06-10T01:00:40.581-05:00  WARN 20972 --- [backend] [main] r$InitializeUserDetailsManagerConfigurer : Global AuthenticationManager configured with an AuthenticationProvider bean. UserDetailsService beans will not be used by Spring Security for automatically configuring username/password login. Consider removing the AuthenticationProvider bean. Alternatively, consider using the UserDetailsService in a manually instantiated DaoAuthenticationProvider. If the current configuration is intentional, to turn off this warning, increase the logging level of 'org.springframework.security.config.annotation.authentication.configuration.InitializeUserDetailsBeanManagerConfigurer' to ERROR
2026-06-10T01:00:40.640-05:00  WARN 20972 --- [backend] [main] JpaBaseConfiguration$JpaWebConfiguration : spring.jpa.open-in-view is enabled by default. Therefore, database queries may be performed during view rendering. Explicitly configure spring.jpa.open-in-view to disable this warning
2026-06-10T01:00:41.019-05:00  INFO 20972 --- [backend] [main] o.s.boot.tomcat.TomcatWebServer          : Tomcat started on port 8080 (http) with context path '/'
2026-06-10T01:00:41.024-05:00  INFO 20972 --- [backend] [main] com.example.backend.BackendApplication   : Started BackendApplication in 4.685 seconds (process running for 5.042)
2026-06-10T01:00:48.717-05:00  INFO 20972 --- [backend] [http-nio-8080-exec-8] o.a.c.c.C.[Tomcat].[localhost].[/]       : Initializing Spring DispatcherServlet 'dispatcherServlet'
2026-06-10T01:00:48.718-05:00  INFO 20972 --- [backend] [http-nio-8080-exec-8] o.s.web.servlet.DispatcherServlet        : Initializing Servlet 'dispatcherServlet'
2026-06-10T01:00:48.719-05:00  INFO 20972 --- [backend] [http-nio-8080-exec-8] o.s.web.servlet.DispatcherServlet        : Completed initialization in 1 ms
2026-06-10T01:04:45.487-05:00  INFO 20972 --- [backend] [SpringApplicationShutdownHook] o.s.boot.tomcat.GracefulShutdown         : Commencing graceful shutdown. Waiting for active requests to complete
2026-06-10T01:04:45.490-05:00  INFO 20972 --- [backend] [tomcat-shutdown] o.s.boot.tomcat.GracefulShutdown         : Graceful shutdown complete
2026-06-10T01:04:45.493-05:00  INFO 20972 --- [backend] [SpringApplicationShutdownHook] j.LocalContainerEntityManagerFactoryBean : Closing JPA EntityManagerFactory for persistence unit 'default'
2026-06-10T01:04:45.495-05:00  INFO 20972 --- [backend] [SpringApplicationShutdownHook] com.zaxxer.hikari.HikariDataSource       : HikariPool-1 - Shutdown initiated...
2026-06-10T01:04:45.499-05:00  INFO 20972 --- [backend] [SpringApplicationShutdownHook] com.zaxxer.hikari.HikariDataSource       : HikariPool-1 - Shutdown completed.
2026-06-10T01:04:46.981-05:00  INFO 17416 --- [backend] [main] com.example.backend.BackendApplication   : Starting BackendApplication using Java 25.0.3 with PID 17416 (D:\Itzair\UNIVERSIDAD UTP\CICLO VII\PROYECTO CERAMICA FINAL\proyecto_ceramica-main(1)\proyecto_ceramica-main\backend\target\classes started by P in D:\Itzair\UNIVERSIDAD UTP\CICLO VII\PROYECTO CERAMICA FINAL\proyecto_ceramica-main(1)\proyecto_ceramica-main)
2026-06-10T01:04:46.984-05:00 DEBUG 17416 --- [backend] [main] com.example.backend.BackendApplication   : Running with Spring Boot v4.0.5, Spring v7.0.6
2026-06-10T01:04:46.985-05:00  INFO 17416 --- [backend] [main] com.example.backend.BackendApplication   : No active profile set, falling back to 1 default profile: "default"
2026-06-10T01:04:47.535-05:00  INFO 17416 --- [backend] [main] .s.d.r.c.RepositoryConfigurationDelegate : Bootstrapping Spring Data JPA repositories in DEFAULT mode.
2026-06-10T01:04:47.587-05:00  INFO 17416 --- [backend] [main] .s.d.r.c.RepositoryConfigurationDelegate : Finished Spring Data repository scanning in 44 ms. Found 9 JPA repository interfaces.
2026-06-10T01:04:47.968-05:00  INFO 17416 --- [backend] [main] o.s.boot.tomcat.TomcatWebServer          : Tomcat initialized with port 8080 (http)
2026-06-10T01:04:47.978-05:00  INFO 17416 --- [backend] [main] o.apache.catalina.core.StandardService   : Starting service [Tomcat]
2026-06-10T01:04:47.978-05:00  INFO 17416 --- [backend] [main] o.apache.catalina.core.StandardEngine    : Starting Servlet engine: [Apache Tomcat/11.0.20]
2026-06-10T01:04:48.018-05:00  INFO 17416 --- [backend] [main] b.w.c.s.WebApplicationContextInitializer : Root WebApplicationContext: initialization completed in 986 ms
2026-06-10T01:04:48.063-05:00  INFO 17416 --- [backend] [main] com.zaxxer.hikari.HikariDataSource       : HikariPool-1 - Starting...
2026-06-10T01:04:48.310-05:00  INFO 17416 --- [backend] [main] com.zaxxer.hikari.pool.HikariPool        : HikariPool-1 - Added connection com.mysql.cj.jdbc.ConnectionImpl@120350eb
2026-06-10T01:04:48.312-05:00  INFO 17416 --- [backend] [main] com.zaxxer.hikari.HikariDataSource       : HikariPool-1 - Start completed.
2026-06-10T01:04:48.372-05:00  INFO 17416 --- [backend] [main] org.hibernate.orm.jpa                    : HHH008540: Processing PersistenceUnitInfo [name: default]
2026-06-10T01:04:48.399-05:00  INFO 17416 --- [backend] [main] org.hibernate.orm.core                   : HHH000001: Hibernate ORM core version 7.2.7.Final
2026-06-10T01:04:48.681-05:00  INFO 17416 --- [backend] [main] o.s.o.j.p.SpringPersistenceUnitInfo      : No LoadTimeWeaver setup: ignoring JPA class transformer
2026-06-10T01:04:48.743-05:00  INFO 17416 --- [backend] [main] org.hibernate.orm.connections.pooling    : HHH10001005: Database info:
	Database JDBC URL [jdbc:mysql://localhost:3306/ceramic_store_db?createDatabaseIfNotExist=true]
	Database driver: MySQL Connector/J
	Database dialect: MySQLDialect
	Database version: 8.0.42
	Default catalog/schema: ceramic_store_db/undefined
	Autocommit mode: undefined/unknown
	Isolation level: REPEATABLE_READ [default REPEATABLE_READ]
	JDBC fetch size: none
	Pool: DataSourceConnectionProvider
	Minimum pool size: undefined/unknown
	Maximum pool size: undefined/unknown
2026-06-10T01:04:49.422-05:00  INFO 17416 --- [backend] [main] org.hibernate.orm.core                   : HHH000489: No JTA platform available (set 'hibernate.transaction.jta.platform' to enable JTA platform integration)
2026-06-10T01:04:49.471-05:00  INFO 17416 --- [backend] [main] j.LocalContainerEntityManagerFactoryBean : Initialized JPA EntityManagerFactory for persistence unit 'default'
2026-06-10T01:04:49.507-05:00  INFO 17416 --- [backend] [main] o.s.d.j.r.query.QueryEnhancerFactories   : Hibernate is in classpath; If applicable, HQL parser will be used.
2026-06-10T01:04:49.633-05:00 DEBUG 17416 --- [backend] [main] c.e.b.config.JwtAuthenticationFilter     : Filter 'jwtAuthenticationFilter' configured for use
2026-06-10T01:04:50.154-05:00  INFO 17416 --- [backend] [main] eAuthenticationProviderManagerConfigurer : Global AuthenticationManager configured with AuthenticationProvider bean with name authenticationProvider
2026-06-10T01:04:50.154-05:00  WARN 17416 --- [backend] [main] r$InitializeUserDetailsManagerConfigurer : Global AuthenticationManager configured with an AuthenticationProvider bean. UserDetailsService beans will not be used by Spring Security for automatically configuring username/password login. Consider removing the AuthenticationProvider bean. Alternatively, consider using the UserDetailsService in a manually instantiated DaoAuthenticationProvider. If the current configuration is intentional, to turn off this warning, increase the logging level of 'org.springframework.security.config.annotation.authentication.configuration.InitializeUserDetailsBeanManagerConfigurer' to ERROR
2026-06-10T01:04:50.198-05:00  WARN 17416 --- [backend] [main] JpaBaseConfiguration$JpaWebConfiguration : spring.jpa.open-in-view is enabled by default. Therefore, database queries may be performed during view rendering. Explicitly configure spring.jpa.open-in-view to disable this warning
2026-06-10T01:04:50.577-05:00  INFO 17416 --- [backend] [main] o.s.boot.tomcat.TomcatWebServer          : Tomcat started on port 8080 (http) with context path '/'
2026-06-10T01:04:50.582-05:00  INFO 17416 --- [backend] [main] com.example.backend.BackendApplication   : Started BackendApplication in 4.0 seconds (process running for 4.36)
2026-06-10T01:05:01.618-05:00  INFO 17416 --- [backend] [http-nio-8080-exec-1] o.a.c.c.C.[Tomcat].[localhost].[/]       : Initializing Spring DispatcherServlet 'dispatcherServlet'
2026-06-10T01:05:01.618-05:00  INFO 17416 --- [backend] [http-nio-8080-exec-1] o.s.web.servlet.DispatcherServlet        : Initializing Servlet 'dispatcherServlet'
2026-06-10T01:05:01.619-05:00  INFO 17416 --- [backend] [http-nio-8080-exec-1] o.s.web.servlet.DispatcherServlet        : Completed initialization in 1 ms
2026-06-10T01:13:34.352-05:00  INFO 17416 --- [backend] [SpringApplicationShutdownHook] o.s.boot.tomcat.GracefulShutdown         : Commencing graceful shutdown. Waiting for active requests to complete
2026-06-10T01:13:34.355-05:00  INFO 17416 --- [backend] [tomcat-shutdown] o.s.boot.tomcat.GracefulShutdown         : Graceful shutdown complete
2026-06-10T01:13:34.358-05:00  INFO 17416 --- [backend] [SpringApplicationShutdownHook] j.LocalContainerEntityManagerFactoryBean : Closing JPA EntityManagerFactory for persistence unit 'default'
2026-06-10T01:13:34.359-05:00  INFO 17416 --- [backend] [SpringApplicationShutdownHook] com.zaxxer.hikari.HikariDataSource       : HikariPool-1 - Shutdown initiated...
2026-06-10T01:13:34.363-05:00  INFO 17416 --- [backend] [SpringApplicationShutdownHook] com.zaxxer.hikari.HikariDataSource       : HikariPool-1 - Shutdown completed.
2026-06-10T01:13:35.818-05:00  INFO 9908 --- [backend] [main] com.example.backend.BackendApplication   : Starting BackendApplication using Java 25.0.3 with PID 9908 (D:\Itzair\UNIVERSIDAD UTP\CICLO VII\PROYECTO CERAMICA FINAL\proyecto_ceramica-main(1)\proyecto_ceramica-main\backend\target\classes started by P in D:\Itzair\UNIVERSIDAD UTP\CICLO VII\PROYECTO CERAMICA FINAL\proyecto_ceramica-main(1)\proyecto_ceramica-main)
2026-06-10T01:13:35.820-05:00 DEBUG 9908 --- [backend] [main] com.example.backend.BackendApplication   : Running with Spring Boot v4.0.5, Spring v7.0.6
2026-06-10T01:13:35.821-05:00  INFO 9908 --- [backend] [main] com.example.backend.BackendApplication   : No active profile set, falling back to 1 default profile: "default"
2026-06-10T01:13:36.465-05:00  INFO 9908 --- [backend] [main] .s.d.r.c.RepositoryConfigurationDelegate : Bootstrapping Spring Data JPA repositories in DEFAULT mode.
2026-06-10T01:13:36.527-05:00  INFO 9908 --- [backend] [main] .s.d.r.c.RepositoryConfigurationDelegate : Finished Spring Data repository scanning in 56 ms. Found 9 JPA repository interfaces.
2026-06-10T01:13:36.967-05:00  INFO 9908 --- [backend] [main] o.s.boot.tomcat.TomcatWebServer          : Tomcat initialized with port 8080 (http)
2026-06-10T01:13:36.981-05:00  INFO 9908 --- [backend] [main] o.apache.catalina.core.StandardService   : Starting service [Tomcat]
2026-06-10T01:13:36.981-05:00  INFO 9908 --- [backend] [main] o.apache.catalina.core.StandardEngine    : Starting Servlet engine: [Apache Tomcat/11.0.20]
2026-06-10T01:13:37.027-05:00  INFO 9908 --- [backend] [main] b.w.c.s.WebApplicationContextInitializer : Root WebApplicationContext: initialization completed in 1171 ms
2026-06-10T01:13:37.070-05:00  INFO 9908 --- [backend] [main] com.zaxxer.hikari.HikariDataSource       : HikariPool-1 - Starting...
2026-06-10T01:13:37.408-05:00  INFO 9908 --- [backend] [main] com.zaxxer.hikari.pool.HikariPool        : HikariPool-1 - Added connection com.mysql.cj.jdbc.ConnectionImpl@7d401cdc
2026-06-10T01:13:37.410-05:00  INFO 9908 --- [backend] [main] com.zaxxer.hikari.HikariDataSource       : HikariPool-1 - Start completed.
2026-06-10T01:13:37.493-05:00  INFO 9908 --- [backend] [main] org.hibernate.orm.jpa                    : HHH008540: Processing PersistenceUnitInfo [name: default]
2026-06-10T01:13:37.579-05:00  INFO 9908 --- [backend] [main] org.hibernate.orm.core                   : HHH000001: Hibernate ORM core version 7.2.7.Final
2026-06-10T01:13:37.936-05:00  INFO 9908 --- [backend] [main] o.s.o.j.p.SpringPersistenceUnitInfo      : No LoadTimeWeaver setup: ignoring JPA class transformer
2026-06-10T01:13:38.013-05:00  INFO 9908 --- [backend] [main] org.hibernate.orm.connections.pooling    : HHH10001005: Database info:
	Database JDBC URL [jdbc:mysql://localhost:3306/ceramic_store_db?createDatabaseIfNotExist=true]
	Database driver: MySQL Connector/J
	Database dialect: MySQLDialect
	Database version: 8.0.42
	Default catalog/schema: ceramic_store_db/undefined
	Autocommit mode: undefined/unknown
	Isolation level: REPEATABLE_READ [default REPEATABLE_READ]
	JDBC fetch size: none
	Pool: DataSourceConnectionProvider
	Minimum pool size: undefined/unknown
	Maximum pool size: undefined/unknown
2026-06-10T01:13:38.823-05:00  INFO 9908 --- [backend] [main] org.hibernate.orm.core                   : HHH000489: No JTA platform available (set 'hibernate.transaction.jta.platform' to enable JTA platform integration)
2026-06-10T01:13:38.879-05:00  INFO 9908 --- [backend] [main] j.LocalContainerEntityManagerFactoryBean : Initialized JPA EntityManagerFactory for persistence unit 'default'
2026-06-10T01:13:38.916-05:00  INFO 9908 --- [backend] [main] o.s.d.j.r.query.QueryEnhancerFactories   : Hibernate is in classpath; If applicable, HQL parser will be used.
2026-06-10T01:13:39.048-05:00 DEBUG 9908 --- [backend] [main] c.e.b.config.JwtAuthenticationFilter     : Filter 'jwtAuthenticationFilter' configured for use
2026-06-10T01:13:39.577-05:00  INFO 9908 --- [backend] [main] eAuthenticationProviderManagerConfigurer : Global AuthenticationManager configured with AuthenticationProvider bean with name authenticationProvider
2026-06-10T01:13:39.578-05:00  WARN 9908 --- [backend] [main] r$InitializeUserDetailsManagerConfigurer : Global AuthenticationManager configured with an AuthenticationProvider bean. UserDetailsService beans will not be used by Spring Security for automatically configuring username/password login. Consider removing the AuthenticationProvider bean. Alternatively, consider using the UserDetailsService in a manually instantiated DaoAuthenticationProvider. If the current configuration is intentional, to turn off this warning, increase the logging level of 'org.springframework.security.config.annotation.authentication.configuration.InitializeUserDetailsBeanManagerConfigurer' to ERROR
2026-06-10T01:13:39.629-05:00  WARN 9908 --- [backend] [main] JpaBaseConfiguration$JpaWebConfiguration : spring.jpa.open-in-view is enabled by default. Therefore, database queries may be performed during view rendering. Explicitly configure spring.jpa.open-in-view to disable this warning
2026-06-10T01:13:40.004-05:00  INFO 9908 --- [backend] [main] o.s.boot.tomcat.TomcatWebServer          : Tomcat started on port 8080 (http) with context path '/'
2026-06-10T01:13:40.010-05:00  INFO 9908 --- [backend] [main] com.example.backend.BackendApplication   : Started BackendApplication in 4.58 seconds (process running for 4.987)
